[0.117s] DEBUG:colcon:Command line arguments: ['/usr/bin/colcon', 'build', '--packages-select', 'my_robot_description', 'my_robot_bringup']
[0.117s] DEBUG:colcon:Parsed command line arguments: Namespace(log_base=None, log_level=None, verb_name='build', build_base='build', install_base='install', merge_install=False, symlink_install=False, test_result_base=None, continue_on_error=False, executor='parallel', parallel_workers=8, event_handlers=None, ignore_user_meta=False, metas=['./colcon.meta'], base_paths=['.'], packages_ignore=None, packages_ignore_regex=None, paths=None, packages_up_to=None, packages_up_to_regex=None, packages_above=None, packages_above_and_dependencies=None, packages_above_depth=None, packages_select_by_dep=None, packages_skip_by_dep=None, packages_skip_up_to=None, packages_select_build_failed=False, packages_skip_build_finished=False, packages_select_test_failures=False, packages_skip_test_passed=False, packages_select=['my_robot_description', 'my_robot_bringup'], packages_skip=None, packages_select_regex=None, packages_skip_regex=None, packages_start=None, packages_end=None, allow_overriding=[], cmake_args=None, cmake_target=None, cmake_target_skip_unavailable=False, cmake_clean_cache=False, cmake_clean_first=False, cmake_force_configure=False, ament_cmake_args=None, catkin_cmake_args=None, catkin_skip_building_tests=False, mixin_files=None, mixin=None, verb_parser=<colcon_mixin.mixin.mixin_argument.MixinArgumentDecorator object at 0x789271df78e0>, verb_extension=<colcon_core.verb.build.BuildVerb object at 0x789271db8610>, main=<bound method BuildVerb.main of <colcon_core.verb.build.BuildVerb object at 0x789271db8610>>, mixin_verb=('build',))
[0.288s] Level 1:colcon.colcon_core.package_discovery:discover_packages(colcon_meta) check parameters
[0.288s] Level 1:colcon.colcon_core.package_discovery:discover_packages(recursive) check parameters
[0.288s] Level 1:colcon.colcon_core.package_discovery:discover_packages(ignore) check parameters
[0.288s] Level 1:colcon.colcon_core.package_discovery:discover_packages(path) check parameters
[0.288s] Level 1:colcon.colcon_core.package_discovery:discover_packages(colcon_meta) discover
[0.288s] Level 1:colcon.colcon_core.package_discovery:discover_packages(recursive) discover
[0.288s] INFO:colcon.colcon_core.package_discovery:Crawling recursively for packages in '/home/nasta/Documents/AutonomousMobileRobots/Homework_1'
[0.288s] Level 1:colcon.colcon_core.package_identification:_identify(.) by extensions ['ignore', 'ignore_ament_install']
[0.288s] Level 1:colcon.colcon_core.package_identification:_identify(.) by extension 'ignore'
[0.288s] Level 1:colcon.colcon_core.package_identification:_identify(.) by extension 'ignore_ament_install'
[0.288s] Level 1:colcon.colcon_core.package_identification:_identify(.) by extensions ['colcon_pkg']
[0.289s] Level 1:colcon.colcon_core.package_identification:_identify(.) by extension 'colcon_pkg'
[0.289s] Level 1:colcon.colcon_core.package_identification:_identify(.) by extensions ['colcon_meta']
[0.289s] Level 1:colcon.colcon_core.package_identification:_identify(.) by extension 'colcon_meta'
[0.289s] Level 1:colcon.colcon_core.package_identification:_identify(.) by extensions ['ros']
[0.289s] Level 1:colcon.colcon_core.package_identification:_identify(.) by extension 'ros'
[0.306s] Level 1:colcon.colcon_core.package_identification:_identify(.) by extensions ['cmake', 'python']
[0.306s] Level 1:colcon.colcon_core.package_identification:_identify(.) by extension 'cmake'
[0.306s] Level 1:colcon.colcon_core.package_identification:_identify(.) by extension 'python'
[0.306s] Level 1:colcon.colcon_core.package_identification:_identify(.) by extensions ['python_setup_py']
[0.306s] Level 1:colcon.colcon_core.package_identification:_identify(.) by extension 'python_setup_py'
[0.306s] Level 1:colcon.colcon_core.package_identification:_identify(build) by extensions ['ignore', 'ignore_ament_install']
[0.306s] Level 1:colcon.colcon_core.package_identification:_identify(build) by extension 'ignore'
[0.306s] Level 1:colcon.colcon_core.package_identification:_identify(build) ignored
[0.306s] Level 1:colcon.colcon_core.package_identification:_identify(install) by extensions ['ignore', 'ignore_ament_install']
[0.306s] Level 1:colcon.colcon_core.package_identification:_identify(install) by extension 'ignore'
[0.306s] Level 1:colcon.colcon_core.package_identification:_identify(install) ignored
[0.306s] Level 1:colcon.colcon_core.package_identification:_identify(log) by extensions ['ignore', 'ignore_ament_install']
[0.306s] Level 1:colcon.colcon_core.package_identification:_identify(log) by extension 'ignore'
[0.306s] Level 1:colcon.colcon_core.package_identification:_identify(log) ignored
[0.307s] Level 1:colcon.colcon_core.package_identification:_identify(my_robot_bringup) by extensions ['ignore', 'ignore_ament_install']
[0.307s] Level 1:colcon.colcon_core.package_identification:_identify(my_robot_bringup) by extension 'ignore'
[0.307s] Level 1:colcon.colcon_core.package_identification:_identify(my_robot_bringup) by extension 'ignore_ament_install'
[0.307s] Level 1:colcon.colcon_core.package_identification:_identify(my_robot_bringup) by extensions ['colcon_pkg']
[0.307s] Level 1:colcon.colcon_core.package_identification:_identify(my_robot_bringup) by extension 'colcon_pkg'
[0.307s] Level 1:colcon.colcon_core.package_identification:_identify(my_robot_bringup) by extensions ['colcon_meta']
[0.307s] Level 1:colcon.colcon_core.package_identification:_identify(my_robot_bringup) by extension 'colcon_meta'
[0.307s] Level 1:colcon.colcon_core.package_identification:_identify(my_robot_bringup) by extensions ['ros']
[0.307s] Level 1:colcon.colcon_core.package_identification:_identify(my_robot_bringup) by extension 'ros'
[0.309s] DEBUG:colcon.colcon_core.package_identification:Package 'my_robot_bringup' with type 'ros.ament_python' and name 'my_robot_bringup'
[0.309s] Level 1:colcon.colcon_core.package_identification:_identify(my_robot_description) by extensions ['ignore', 'ignore_ament_install']
[0.309s] Level 1:colcon.colcon_core.package_identification:_identify(my_robot_description) by extension 'ignore'
[0.309s] Level 1:colcon.colcon_core.package_identification:_identify(my_robot_description) by extension 'ignore_ament_install'
[0.309s] Level 1:colcon.colcon_core.package_identification:_identify(my_robot_description) by extensions ['colcon_pkg']
[0.309s] Level 1:colcon.colcon_core.package_identification:_identify(my_robot_description) by extension 'colcon_pkg'
[0.309s] Level 1:colcon.colcon_core.package_identification:_identify(my_robot_description) by extensions ['colcon_meta']
[0.309s] Level 1:colcon.colcon_core.package_identification:_identify(my_robot_description) by extension 'colcon_meta'
[0.309s] Level 1:colcon.colcon_core.package_identification:_identify(my_robot_description) by extensions ['ros']
[0.309s] Level 1:colcon.colcon_core.package_identification:_identify(my_robot_description) by extension 'ros'
[0.310s] DEBUG:colcon.colcon_core.package_identification:Package 'my_robot_description' with type 'ros.ament_python' and name 'my_robot_description'
[0.310s] Level 1:colcon.colcon_core.package_discovery:discover_packages(recursive) using defaults
[0.310s] Level 1:colcon.colcon_core.package_discovery:discover_packages(ignore) discover
[0.310s] Level 1:colcon.colcon_core.package_discovery:discover_packages(ignore) using defaults
[0.310s] Level 1:colcon.colcon_core.package_discovery:discover_packages(path) discover
[0.310s] Level 1:colcon.colcon_core.package_discovery:discover_packages(path) using defaults
[0.328s] Level 1:colcon.colcon_core.package_discovery:discover_packages(prefix_path) check parameters
[0.328s] Level 1:colcon.colcon_core.package_discovery:discover_packages(prefix_path) discover
[0.329s] DEBUG:colcon.colcon_installed_package_information.package_discovery:Found 2 installed packages in /home/nasta/Documents/AutonomousMobileRobots/Homework_1/install
[0.330s] DEBUG:colcon.colcon_installed_package_information.package_discovery:Found 1 installed packages in /home/nasta/AMR_ws/install
[0.330s] DEBUG:colcon.colcon_installed_package_information.package_discovery:Found 1 installed packages in /home/nasta/IROS/install
[0.331s] DEBUG:colcon.colcon_installed_package_information.package_discovery:Found 284 installed packages in /opt/ros/humble
[0.332s] Level 1:colcon.colcon_core.package_discovery:discover_packages(prefix_path) using defaults
[0.368s] Level 5:colcon.colcon_core.verb:set package 'my_robot_description' build argument 'cmake_args' from command line to 'None'
[0.368s] Level 5:colcon.colcon_core.verb:set package 'my_robot_description' build argument 'cmake_target' from command line to 'None'
[0.368s] Level 5:colcon.colcon_core.verb:set package 'my_robot_description' build argument 'cmake_target_skip_unavailable' from command line to 'False'
[0.368s] Level 5:colcon.colcon_core.verb:set package 'my_robot_description' build argument 'cmake_clean_cache' from command line to 'False'
[0.368s] Level 5:colcon.colcon_core.verb:set package 'my_robot_description' build argument 'cmake_clean_first' from command line to 'False'
[0.368s] Level 5:colcon.colcon_core.verb:set package 'my_robot_description' build argument 'cmake_force_configure' from command line to 'False'
[0.368s] Level 5:colcon.colcon_core.verb:set package 'my_robot_description' build argument 'ament_cmake_args' from command line to 'None'
[0.368s] Level 5:colcon.colcon_core.verb:set package 'my_robot_description' build argument 'catkin_cmake_args' from command line to 'None'
[0.369s] Level 5:colcon.colcon_core.verb:set package 'my_robot_description' build argument 'catkin_skip_building_tests' from command line to 'False'
[0.369s] DEBUG:colcon.colcon_core.verb:Building package 'my_robot_description' with the following arguments: {'ament_cmake_args': None, 'build_base': '/home/nasta/Documents/AutonomousMobileRobots/Homework_1/build/my_robot_description', 'catkin_cmake_args': None, 'catkin_skip_building_tests': False, 'cmake_args': None, 'cmake_clean_cache': False, 'cmake_clean_first': False, 'cmake_force_configure': False, 'cmake_target': None, 'cmake_target_skip_unavailable': False, 'install_base': '/home/nasta/Documents/AutonomousMobileRobots/Homework_1/install/my_robot_description', 'merge_install': False, 'path': '/home/nasta/Documents/AutonomousMobileRobots/Homework_1/my_robot_description', 'symlink_install': False, 'test_result_base': None}
[0.369s] Level 5:colcon.colcon_core.verb:set package 'my_robot_bringup' build argument 'cmake_args' from command line to 'None'
[0.369s] Level 5:colcon.colcon_core.verb:set package 'my_robot_bringup' build argument 'cmake_target' from command line to 'None'
[0.369s] Level 5:colcon.colcon_core.verb:set package 'my_robot_bringup' build argument 'cmake_target_skip_unavailable' from command line to 'False'
[0.369s] Level 5:colcon.colcon_core.verb:set package 'my_robot_bringup' build argument 'cmake_clean_cache' from command line to 'False'
[0.369s] Level 5:colcon.colcon_core.verb:set package 'my_robot_bringup' build argument 'cmake_clean_first' from command line to 'False'
[0.369s] Level 5:colcon.colcon_core.verb:set package 'my_robot_bringup' build argument 'cmake_force_configure' from command line to 'False'
[0.369s] Level 5:colcon.colcon_core.verb:set package 'my_robot_bringup' build argument 'ament_cmake_args' from command line to 'None'
[0.369s] Level 5:colcon.colcon_core.verb:set package 'my_robot_bringup' build argument 'catkin_cmake_args' from command line to 'None'
[0.369s] Level 5:colcon.colcon_core.verb:set package 'my_robot_bringup' build argument 'catkin_skip_building_tests' from command line to 'False'
[0.369s] DEBUG:colcon.colcon_core.verb:Building package 'my_robot_bringup' with the following arguments: {'ament_cmake_args': None, 'build_base': '/home/nasta/Documents/AutonomousMobileRobots/Homework_1/build/my_robot_bringup', 'catkin_cmake_args': None, 'catkin_skip_building_tests': False, 'cmake_args': None, 'cmake_clean_cache': False, 'cmake_clean_first': False, 'cmake_force_configure': False, 'cmake_target': None, 'cmake_target_skip_unavailable': False, 'install_base': '/home/nasta/Documents/AutonomousMobileRobots/Homework_1/install/my_robot_bringup', 'merge_install': False, 'path': '/home/nasta/Documents/AutonomousMobileRobots/Homework_1/my_robot_bringup', 'symlink_install': False, 'test_result_base': None}
[0.369s] INFO:colcon.colcon_core.executor:Executing jobs using 'parallel' executor
[0.370s] DEBUG:colcon.colcon_parallel_executor.executor.parallel:run_until_complete
[0.370s] INFO:colcon.colcon_ros.task.ament_python.build:Building ROS package in '/home/nasta/Documents/AutonomousMobileRobots/Homework_1/my_robot_description' with build type 'ament_python'
[0.370s] Level 1:colcon.colcon_core.shell:create_environment_hook('my_robot_description', 'ament_prefix_path')
[0.372s] INFO:colcon.colcon_core.plugin_system:Skipping extension 'colcon_core.shell.bat': Not used on non-Windows systems
[0.372s] INFO:colcon.colcon_core.shell:Creating environment hook '/home/nasta/Documents/AutonomousMobileRobots/Homework_1/install/my_robot_description/share/my_robot_description/hook/ament_prefix_path.ps1'
[0.373s] INFO:colcon.colcon_core.shell:Creating environment descriptor '/home/nasta/Documents/AutonomousMobileRobots/Homework_1/install/my_robot_description/share/my_robot_description/hook/ament_prefix_path.dsv'
[0.374s] INFO:colcon.colcon_core.shell:Creating environment hook '/home/nasta/Documents/AutonomousMobileRobots/Homework_1/install/my_robot_description/share/my_robot_description/hook/ament_prefix_path.sh'
[0.375s] INFO:colcon.colcon_core.shell:Skip shell extension 'powershell' for command environment: Not usable outside of PowerShell
[0.375s] DEBUG:colcon.colcon_core.shell:Skip shell extension 'dsv' for command environment
[0.653s] INFO:colcon.colcon_core.task.python.build:Building Python package in '/home/nasta/Documents/AutonomousMobileRobots/Homework_1/my_robot_description'
[0.653s] INFO:colcon.colcon_core.shell:Skip shell extension 'powershell' for command environment: Not usable outside of PowerShell
[0.653s] DEBUG:colcon.colcon_core.shell:Skip shell extension 'dsv' for command environment
[1.015s] DEBUG:colcon.colcon_core.event_handler.log_command:Invoking command in '/home/nasta/Documents/AutonomousMobileRobots/Homework_1/my_robot_description': PYTHONPATH=/home/nasta/Documents/AutonomousMobileRobots/Homework_1/build/my_robot_description/prefix_override:/usr/lib/python3/dist-packages/colcon_core/task/python/colcon_distutils_commands:/home/nasta/Documents/AutonomousMobileRobots/Homework_1/install/my_robot_description/lib/python3.10/site-packages:${PYTHONPATH} /usr/bin/python3 -W ignore:setup.py install is deprecated -W ignore:easy_install command is deprecated setup.py egg_info --egg-base ../build/my_robot_description build --build-base /home/nasta/Documents/AutonomousMobileRobots/Homework_1/build/my_robot_description/build install --record /home/nasta/Documents/AutonomousMobileRobots/Homework_1/build/my_robot_description/install.log --single-version-externally-managed install_data
[1.353s] DEBUG:colcon.colcon_core.event_handler.log_command:Invoked command in '/home/nasta/Documents/AutonomousMobileRobots/Homework_1/my_robot_description' returned '0': PYTHONPATH=/home/nasta/Documents/AutonomousMobileRobots/Homework_1/build/my_robot_description/prefix_override:/usr/lib/python3/dist-packages/colcon_core/task/python/colcon_distutils_commands:/home/nasta/Documents/AutonomousMobileRobots/Homework_1/install/my_robot_description/lib/python3.10/site-packages:${PYTHONPATH} /usr/bin/python3 -W ignore:setup.py install is deprecated -W ignore:easy_install command is deprecated setup.py egg_info --egg-base ../build/my_robot_description build --build-base /home/nasta/Documents/AutonomousMobileRobots/Homework_1/build/my_robot_description/build install --record /home/nasta/Documents/AutonomousMobileRobots/Homework_1/build/my_robot_description/install.log --single-version-externally-managed install_data
[1.355s] Level 1:colcon.colcon_core.environment:checking '/home/nasta/Documents/AutonomousMobileRobots/Homework_1/install/my_robot_description' for CMake module files
[1.355s] Level 1:colcon.colcon_core.environment:checking '/home/nasta/Documents/AutonomousMobileRobots/Homework_1/install/my_robot_description' for CMake config files
[1.356s] Level 1:colcon.colcon_core.environment:checking '/home/nasta/Documents/AutonomousMobileRobots/Homework_1/install/my_robot_description/lib'
[1.356s] Level 1:colcon.colcon_core.environment:checking '/home/nasta/Documents/AutonomousMobileRobots/Homework_1/install/my_robot_description/bin'
[1.356s] Level 1:colcon.colcon_core.environment:checking '/home/nasta/Documents/AutonomousMobileRobots/Homework_1/install/my_robot_description/lib/pkgconfig/my_robot_description.pc'
[1.357s] Level 1:colcon.colcon_core.environment:checking '/home/nasta/Documents/AutonomousMobileRobots/Homework_1/install/my_robot_description/lib/python3.10/site-packages'
[1.357s] Level 1:colcon.colcon_core.shell:create_environment_hook('my_robot_description', 'pythonpath')
[1.357s] INFO:colcon.colcon_core.shell:Creating environment hook '/home/nasta/Documents/AutonomousMobileRobots/Homework_1/install/my_robot_description/share/my_robot_description/hook/pythonpath.ps1'
[1.358s] INFO:colcon.colcon_core.shell:Creating environment descriptor '/home/nasta/Documents/AutonomousMobileRobots/Homework_1/install/my_robot_description/share/my_robot_description/hook/pythonpath.dsv'
[1.358s] INFO:colcon.colcon_core.shell:Creating environment hook '/home/nasta/Documents/AutonomousMobileRobots/Homework_1/install/my_robot_description/share/my_robot_description/hook/pythonpath.sh'
[1.359s] Level 1:colcon.colcon_core.environment:checking '/home/nasta/Documents/AutonomousMobileRobots/Homework_1/install/my_robot_description/bin'
[1.359s] Level 1:colcon.colcon_core.environment:create_environment_scripts_only(my_robot_description)
[1.360s] INFO:colcon.colcon_core.shell:Creating package script '/home/nasta/Documents/AutonomousMobileRobots/Homework_1/install/my_robot_description/share/my_robot_description/package.ps1'
[1.360s] INFO:colcon.colcon_core.shell:Creating package descriptor '/home/nasta/Documents/AutonomousMobileRobots/Homework_1/install/my_robot_description/share/my_robot_description/package.dsv'
[1.361s] INFO:colcon.colcon_core.shell:Creating package script '/home/nasta/Documents/AutonomousMobileRobots/Homework_1/install/my_robot_description/share/my_robot_description/package.sh'
[1.362s] INFO:colcon.colcon_core.shell:Creating package script '/home/nasta/Documents/AutonomousMobileRobots/Homework_1/install/my_robot_description/share/my_robot_description/package.bash'
[1.363s] INFO:colcon.colcon_core.shell:Creating package script '/home/nasta/Documents/AutonomousMobileRobots/Homework_1/install/my_robot_description/share/my_robot_description/package.zsh'
[1.363s] Level 1:colcon.colcon_core.environment:create_file_with_runtime_dependencies(/home/nasta/Documents/AutonomousMobileRobots/Homework_1/install/my_robot_description/share/colcon-core/packages/my_robot_description)
[1.364s] INFO:colcon.colcon_ros.task.ament_python.build:Building ROS package in '/home/nasta/Documents/AutonomousMobileRobots/Homework_1/my_robot_bringup' with build type 'ament_python'
[1.364s] Level 1:colcon.colcon_core.shell:create_environment_hook('my_robot_bringup', 'ament_prefix_path')
[1.364s] INFO:colcon.colcon_core.shell:Creating environment hook '/home/nasta/Documents/AutonomousMobileRobots/Homework_1/install/my_robot_bringup/share/my_robot_bringup/hook/ament_prefix_path.ps1'
[1.365s] INFO:colcon.colcon_core.shell:Creating environment descriptor '/home/nasta/Documents/AutonomousMobileRobots/Homework_1/install/my_robot_bringup/share/my_robot_bringup/hook/ament_prefix_path.dsv'
[1.365s] INFO:colcon.colcon_core.shell:Creating environment hook '/home/nasta/Documents/AutonomousMobileRobots/Homework_1/install/my_robot_bringup/share/my_robot_bringup/hook/ament_prefix_path.sh'
[1.366s] INFO:colcon.colcon_core.shell:Skip shell extension 'powershell' for command environment: Not usable outside of PowerShell
[1.366s] DEBUG:colcon.colcon_core.shell:Skip shell extension 'dsv' for command environment
[1.657s] INFO:colcon.colcon_core.task.python.build:Building Python package in '/home/nasta/Documents/AutonomousMobileRobots/Homework_1/my_robot_bringup'
[1.657s] INFO:colcon.colcon_core.shell:Skip shell extension 'powershell' for command environment: Not usable outside of PowerShell
[1.657s] DEBUG:colcon.colcon_core.shell:Skip shell extension 'dsv' for command environment
[2.022s] DEBUG:colcon.colcon_core.event_handler.log_command:Invoking command in '/home/nasta/Documents/AutonomousMobileRobots/Homework_1/my_robot_bringup': AMENT_PREFIX_PATH=/home/nasta/Documents/AutonomousMobileRobots/Homework_1/install/my_robot_description:/home/nasta/Documents/AutonomousMobileRobots/Homework_1/install/my_robot_bringup:/home/nasta/AMR_ws/install/amr_tutorial:/home/nasta/IROS/install/grid_world:/opt/ros/humble PYTHONPATH=/home/nasta/Documents/AutonomousMobileRobots/Homework_1/build/my_robot_bringup/prefix_override:/usr/lib/python3/dist-packages/colcon_core/task/python/colcon_distutils_commands:/home/nasta/Documents/AutonomousMobileRobots/Homework_1/install/my_robot_bringup/lib/python3.10/site-packages:/home/nasta/Documents/AutonomousMobileRobots/Homework_1/install/my_robot_description/lib/python3.10/site-packages:/home/nasta/Documents/AutonomousMobileRobots/Homework_1/install/my_robot_bringup/lib/python3.10/site-packages:/home/nasta/AMR_ws/install/amr_tutorial/lib/python3.10/site-packages:/home/nasta/IROS/install/grid_world/lib/python3.10/site-packages:/opt/ros/humble/lib/python3.10/site-packages:/opt/ros/humble/local/lib/python3.10/dist-packages /usr/bin/python3 -W ignore:setup.py install is deprecated -W ignore:easy_install command is deprecated setup.py egg_info --egg-base ../build/my_robot_bringup build --build-base /home/nasta/Documents/AutonomousMobileRobots/Homework_1/build/my_robot_bringup/build install --record /home/nasta/Documents/AutonomousMobileRobots/Homework_1/build/my_robot_bringup/install.log --single-version-externally-managed install_data
[2.332s] Level 1:colcon.colcon_core.environment:checking '/home/nasta/Documents/AutonomousMobileRobots/Homework_1/install/my_robot_bringup' for CMake module files
[2.332s] DEBUG:colcon.colcon_core.event_handler.log_command:Invoked command in '/home/nasta/Documents/AutonomousMobileRobots/Homework_1/my_robot_bringup' returned '0': AMENT_PREFIX_PATH=/home/nasta/Documents/AutonomousMobileRobots/Homework_1/install/my_robot_description:/home/nasta/Documents/AutonomousMobileRobots/Homework_1/install/my_robot_bringup:/home/nasta/AMR_ws/install/amr_tutorial:/home/nasta/IROS/install/grid_world:/opt/ros/humble PYTHONPATH=/home/nasta/Documents/AutonomousMobileRobots/Homework_1/build/my_robot_bringup/prefix_override:/usr/lib/python3/dist-packages/colcon_core/task/python/colcon_distutils_commands:/home/nasta/Documents/AutonomousMobileRobots/Homework_1/install/my_robot_bringup/lib/python3.10/site-packages:/home/nasta/Documents/AutonomousMobileRobots/Homework_1/install/my_robot_description/lib/python3.10/site-packages:/home/nasta/Documents/AutonomousMobileRobots/Homework_1/install/my_robot_bringup/lib/python3.10/site-packages:/home/nasta/AMR_ws/install/amr_tutorial/lib/python3.10/site-packages:/home/nasta/IROS/install/grid_world/lib/python3.10/site-packages:/opt/ros/humble/lib/python3.10/site-packages:/opt/ros/humble/local/lib/python3.10/dist-packages /usr/bin/python3 -W ignore:setup.py install is deprecated -W ignore:easy_install command is deprecated setup.py egg_info --egg-base ../build/my_robot_bringup build --build-base /home/nasta/Documents/AutonomousMobileRobots/Homework_1/build/my_robot_bringup/build install --record /home/nasta/Documents/AutonomousMobileRobots/Homework_1/build/my_robot_bringup/install.log --single-version-externally-managed install_data
[2.333s] Level 1:colcon.colcon_core.environment:checking '/home/nasta/Documents/AutonomousMobileRobots/Homework_1/install/my_robot_bringup' for CMake config files
[2.333s] Level 1:colcon.colcon_core.environment:checking '/home/nasta/Documents/AutonomousMobileRobots/Homework_1/install/my_robot_bringup/lib'
[2.333s] Level 1:colcon.colcon_core.environment:checking '/home/nasta/Documents/AutonomousMobileRobots/Homework_1/install/my_robot_bringup/bin'
[2.333s] Level 1:colcon.colcon_core.environment:checking '/home/nasta/Documents/AutonomousMobileRobots/Homework_1/install/my_robot_bringup/lib/pkgconfig/my_robot_bringup.pc'
[2.333s] Level 1:colcon.colcon_core.environment:checking '/home/nasta/Documents/AutonomousMobileRobots/Homework_1/install/my_robot_bringup/lib/python3.10/site-packages'
[2.333s] Level 1:colcon.colcon_core.shell:create_environment_hook('my_robot_bringup', 'pythonpath')
[2.334s] INFO:colcon.colcon_core.shell:Creating environment hook '/home/nasta/Documents/AutonomousMobileRobots/Homework_1/install/my_robot_bringup/share/my_robot_bringup/hook/pythonpath.ps1'
[2.334s] INFO:colcon.colcon_core.shell:Creating environment descriptor '/home/nasta/Documents/AutonomousMobileRobots/Homework_1/install/my_robot_bringup/share/my_robot_bringup/hook/pythonpath.dsv'
[2.334s] INFO:colcon.colcon_core.shell:Creating environment hook '/home/nasta/Documents/AutonomousMobileRobots/Homework_1/install/my_robot_bringup/share/my_robot_bringup/hook/pythonpath.sh'
[2.335s] Level 1:colcon.colcon_core.environment:checking '/home/nasta/Documents/AutonomousMobileRobots/Homework_1/install/my_robot_bringup/bin'
[2.335s] Level 1:colcon.colcon_core.environment:create_environment_scripts_only(my_robot_bringup)
[2.335s] INFO:colcon.colcon_core.shell:Creating package script '/home/nasta/Documents/AutonomousMobileRobots/Homework_1/install/my_robot_bringup/share/my_robot_bringup/package.ps1'
[2.336s] INFO:colcon.colcon_core.shell:Creating package descriptor '/home/nasta/Documents/AutonomousMobileRobots/Homework_1/install/my_robot_bringup/share/my_robot_bringup/package.dsv'
[2.336s] INFO:colcon.colcon_core.shell:Creating package script '/home/nasta/Documents/AutonomousMobileRobots/Homework_1/install/my_robot_bringup/share/my_robot_bringup/package.sh'
[2.336s] INFO:colcon.colcon_core.shell:Creating package script '/home/nasta/Documents/AutonomousMobileRobots/Homework_1/install/my_robot_bringup/share/my_robot_bringup/package.bash'
[2.337s] INFO:colcon.colcon_core.shell:Creating package script '/home/nasta/Documents/AutonomousMobileRobots/Homework_1/install/my_robot_bringup/share/my_robot_bringup/package.zsh'
[2.337s] Level 1:colcon.colcon_core.environment:create_file_with_runtime_dependencies(/home/nasta/Documents/AutonomousMobileRobots/Homework_1/install/my_robot_bringup/share/colcon-core/packages/my_robot_bringup)
[2.337s] DEBUG:colcon.colcon_parallel_executor.executor.parallel:closing loop
[2.337s] DEBUG:colcon.colcon_parallel_executor.executor.parallel:loop closed
[2.337s] DEBUG:colcon.colcon_parallel_executor.executor.parallel:run_until_complete finished with '0'
[2.338s] DEBUG:colcon.colcon_core.event_reactor:joining thread
[2.342s] INFO:colcon.colcon_core.plugin_system:Skipping extension 'colcon_notification.desktop_notification.terminal_notifier': Not used on non-Darwin systems
[2.342s] INFO:colcon.colcon_core.plugin_system:Skipping extension 'colcon_notification.desktop_notification.win32': Not used on non-Windows systems
[2.342s] INFO:colcon.colcon_notification.desktop_notification:Sending desktop notification using 'notify2'
[2.354s] DEBUG:colcon.colcon_core.event_reactor:joined thread
[2.354s] INFO:colcon.colcon_core.shell:Creating prefix script '/home/nasta/Documents/AutonomousMobileRobots/Homework_1/install/local_setup.ps1'
[2.355s] INFO:colcon.colcon_core.shell:Creating prefix util module '/home/nasta/Documents/AutonomousMobileRobots/Homework_1/install/_local_setup_util_ps1.py'
[2.356s] INFO:colcon.colcon_core.shell:Creating prefix chain script '/home/nasta/Documents/AutonomousMobileRobots/Homework_1/install/setup.ps1'
[2.357s] INFO:colcon.colcon_core.shell:Creating prefix script '/home/nasta/Documents/AutonomousMobileRobots/Homework_1/install/local_setup.sh'
[2.358s] INFO:colcon.colcon_core.shell:Creating prefix util module '/home/nasta/Documents/AutonomousMobileRobots/Homework_1/install/_local_setup_util_sh.py'
[2.358s] INFO:colcon.colcon_core.shell:Creating prefix chain script '/home/nasta/Documents/AutonomousMobileRobots/Homework_1/install/setup.sh'
[2.359s] INFO:colcon.colcon_core.shell:Creating prefix script '/home/nasta/Documents/AutonomousMobileRobots/Homework_1/install/local_setup.bash'
[2.360s] INFO:colcon.colcon_core.shell:Creating prefix chain script '/home/nasta/Documents/AutonomousMobileRobots/Homework_1/install/setup.bash'
[2.361s] INFO:colcon.colcon_core.shell:Creating prefix script '/home/nasta/Documents/AutonomousMobileRobots/Homework_1/install/local_setup.zsh'
[2.363s] INFO:colcon.colcon_core.shell:Creating prefix chain script '/home/nasta/Documents/AutonomousMobileRobots/Homework_1/install/setup.zsh'
