[0.632s] Invoking command in '/home/nasta/Documents/AutonomousMobileRobots/Homework_1/my_robot_bringup': AMENT_PREFIX_PATH=/home/nasta/Documents/AutonomousMobileRobots/Homework_1/install/my_robot_description:${AMENT_PREFIX_PATH} PYTHONPATH=/home/nasta/Documents/AutonomousMobileRobots/Homework_1/build/my_robot_bringup/prefix_override:/usr/lib/python3/dist-packages/colcon_core/task/python/colcon_distutils_commands:/home/nasta/Documents/AutonomousMobileRobots/Homework_1/install/my_robot_bringup/lib/python3.10/site-packages:/home/nasta/Documents/AutonomousMobileRobots/Homework_1/install/my_robot_description/lib/python3.10/site-packages:${PYTHONPATH} /usr/bin/python3 -W ignore:setup.py install is deprecated -W ignore:easy_install command is deprecated setup.py egg_info --egg-base ../build/my_robot_bringup build --build-base /home/nasta/Documents/AutonomousMobileRobots/Homework_1/build/my_robot_bringup/build install --record /home/nasta/Documents/AutonomousMobileRobots/Homework_1/build/my_robot_bringup/install.log --single-version-externally-managed install_data
[0.888s] running egg_info
[0.888s] writing ../build/my_robot_bringup/my_robot_bringup.egg-info/PKG-INFO
[0.889s] writing dependency_links to ../build/my_robot_bringup/my_robot_bringup.egg-info/dependency_links.txt
[0.889s] writing entry points to ../build/my_robot_bringup/my_robot_bringup.egg-info/entry_points.txt
[0.889s] writing requirements to ../build/my_robot_bringup/my_robot_bringup.egg-info/requires.txt
[0.889s] writing top-level names to ../build/my_robot_bringup/my_robot_bringup.egg-info/top_level.txt
[0.891s] reading manifest file '../build/my_robot_bringup/my_robot_bringup.egg-info/SOURCES.txt'
[0.892s] writing manifest file '../build/my_robot_bringup/my_robot_bringup.egg-info/SOURCES.txt'
[0.892s] running build
[0.892s] running build_py
[0.892s] running install
[0.892s] running install_lib
[0.893s] running install_data
[0.894s] copying launch/my_robot_gazebo_v2.launch.xml -> /home/nasta/Documents/AutonomousMobileRobots/Homework_1/install/my_robot_bringup/share/my_robot_bringup/launch
[0.894s] copying launch/my_robot_gazebo.launch.xml -> /home/nasta/Documents/AutonomousMobileRobots/Homework_1/install/my_robot_bringup/share/my_robot_bringup/launch
[0.894s] running install_egg_info
[0.895s] removing '/home/nasta/Documents/AutonomousMobileRobots/Homework_1/install/my_robot_bringup/lib/python3.10/site-packages/my_robot_bringup-0.0.0-py3.10.egg-info' (and everything under it)
[0.896s] Copying ../build/my_robot_bringup/my_robot_bringup.egg-info to /home/nasta/Documents/AutonomousMobileRobots/Homework_1/install/my_robot_bringup/lib/python3.10/site-packages/my_robot_bringup-0.0.0-py3.10.egg-info
[0.897s] running install_scripts
[0.917s] Installing keyboard_control script to /home/nasta/Documents/AutonomousMobileRobots/Homework_1/install/my_robot_bringup/lib/my_robot_bringup
[0.918s] Installing odom_listener script to /home/nasta/Documents/AutonomousMobileRobots/Homework_1/install/my_robot_bringup/lib/my_robot_bringup
[0.918s] Installing plot_trajectory script to /home/nasta/Documents/AutonomousMobileRobots/Homework_1/install/my_robot_bringup/lib/my_robot_bringup
[0.918s] Installing waypoint_controller script to /home/nasta/Documents/AutonomousMobileRobots/Homework_1/install/my_robot_bringup/lib/my_robot_bringup
[0.918s] writing list of installed files to '/home/nasta/Documents/AutonomousMobileRobots/Homework_1/build/my_robot_bringup/install.log'
[0.947s] Invoked command in '/home/nasta/Documents/AutonomousMobileRobots/Homework_1/my_robot_bringup' returned '0': AMENT_PREFIX_PATH=/home/nasta/Documents/AutonomousMobileRobots/Homework_1/install/my_robot_description:${AMENT_PREFIX_PATH} PYTHONPATH=/home/nasta/Documents/AutonomousMobileRobots/Homework_1/build/my_robot_bringup/prefix_override:/usr/lib/python3/dist-packages/colcon_core/task/python/colcon_distutils_commands:/home/nasta/Documents/AutonomousMobileRobots/Homework_1/install/my_robot_bringup/lib/python3.10/site-packages:/home/nasta/Documents/AutonomousMobileRobots/Homework_1/install/my_robot_description/lib/python3.10/site-packages:${PYTHONPATH} /usr/bin/python3 -W ignore:setup.py install is deprecated -W ignore:easy_install command is deprecated setup.py egg_info --egg-base ../build/my_robot_bringup build --build-base /home/nasta/Documents/AutonomousMobileRobots/Homework_1/build/my_robot_bringup/build install --record /home/nasta/Documents/AutonomousMobileRobots/Homework_1/build/my_robot_bringup/install.log --single-version-externally-managed install_data
