[1.183s] Invoking command in '/home/nasta/Documents/AutonomousMobileRobots/Homework_1/my_robot_bringup': AMENT_PREFIX_PATH=/home/nasta/Documents/AutonomousMobileRobots/Homework_1/install/my_robot_description:${AMENT_PREFIX_PATH} PYTHONPATH=/home/nasta/Documents/AutonomousMobileRobots/Homework_1/build/my_robot_bringup/prefix_override:/usr/lib/python3/dist-packages/colcon_core/task/python/colcon_distutils_commands:/home/nasta/Documents/AutonomousMobileRobots/Homework_1/install/my_robot_bringup/lib/python3.10/site-packages:/home/nasta/Documents/AutonomousMobileRobots/Homework_1/install/my_robot_description/lib/python3.10/site-packages:${PYTHONPATH} /usr/bin/python3 -W ignore:setup.py install is deprecated -W ignore:easy_install command is deprecated setup.py egg_info --egg-base ../build/my_robot_bringup build --build-base /home/nasta/Documents/AutonomousMobileRobots/Homework_1/build/my_robot_bringup/build install --record /home/nasta/Documents/AutonomousMobileRobots/Homework_1/build/my_robot_bringup/install.log --single-version-externally-managed install_data
[1.473s] running egg_info
[1.474s] writing ../build/my_robot_bringup/my_robot_bringup.egg-info/PKG-INFO
[1.474s] writing dependency_links to ../build/my_robot_bringup/my_robot_bringup.egg-info/dependency_links.txt
[1.474s] writing entry points to ../build/my_robot_bringup/my_robot_bringup.egg-info/entry_points.txt
[1.474s] writing requirements to ../build/my_robot_bringup/my_robot_bringup.egg-info/requires.txt
[1.475s] writing top-level names to ../build/my_robot_bringup/my_robot_bringup.egg-info/top_level.txt
[1.476s] reading manifest file '../build/my_robot_bringup/my_robot_bringup.egg-info/SOURCES.txt'
[1.535s] writing manifest file '../build/my_robot_bringup/my_robot_bringup.egg-info/SOURCES.txt'
[1.535s] running build
[1.535s] running build_py
[1.535s] running install
[1.536s] running install_lib
[1.537s] running install_data
[1.537s] running install_egg_info
[1.539s] removing '/home/nasta/Documents/AutonomousMobileRobots/Homework_1/install/my_robot_bringup/lib/python3.10/site-packages/my_robot_bringup-0.0.0-py3.10.egg-info' (and everything under it)
[1.539s] Copying ../build/my_robot_bringup/my_robot_bringup.egg-info to /home/nasta/Documents/AutonomousMobileRobots/Homework_1/install/my_robot_bringup/lib/python3.10/site-packages/my_robot_bringup-0.0.0-py3.10.egg-info
[1.554s] running install_scripts
[1.573s] Installing keyboard_control script to /home/nasta/Documents/AutonomousMobileRobots/Homework_1/install/my_robot_bringup/lib/my_robot_bringup
[1.573s] Installing odom_listener script to /home/nasta/Documents/AutonomousMobileRobots/Homework_1/install/my_robot_bringup/lib/my_robot_bringup
[1.573s] Installing plot_trajectory script to /home/nasta/Documents/AutonomousMobileRobots/Homework_1/install/my_robot_bringup/lib/my_robot_bringup
[1.573s] Installing waypoint_controller script to /home/nasta/Documents/AutonomousMobileRobots/Homework_1/install/my_robot_bringup/lib/my_robot_bringup
[1.574s] writing list of installed files to '/home/nasta/Documents/AutonomousMobileRobots/Homework_1/build/my_robot_bringup/install.log'
[1.593s] Invoked command in '/home/nasta/Documents/AutonomousMobileRobots/Homework_1/my_robot_bringup' returned '0': AMENT_PREFIX_PATH=/home/nasta/Documents/AutonomousMobileRobots/Homework_1/install/my_robot_description:${AMENT_PREFIX_PATH} PYTHONPATH=/home/nasta/Documents/AutonomousMobileRobots/Homework_1/build/my_robot_bringup/prefix_override:/usr/lib/python3/dist-packages/colcon_core/task/python/colcon_distutils_commands:/home/nasta/Documents/AutonomousMobileRobots/Homework_1/install/my_robot_bringup/lib/python3.10/site-packages:/home/nasta/Documents/AutonomousMobileRobots/Homework_1/install/my_robot_description/lib/python3.10/site-packages:${PYTHONPATH} /usr/bin/python3 -W ignore:setup.py install is deprecated -W ignore:easy_install command is deprecated setup.py egg_info --egg-base ../build/my_robot_bringup build --build-base /home/nasta/Documents/AutonomousMobileRobots/Homework_1/build/my_robot_bringup/build install --record /home/nasta/Documents/AutonomousMobileRobots/Homework_1/build/my_robot_bringup/install.log --single-version-externally-managed install_data
