/home/nasta/Documents/AutonomousMobileRobots/Homework_1/install/my_robot_description/lib/python3.10/site-packages/my_robot_description/__init__.py
/home/nasta/Documents/AutonomousMobileRobots/Homework_1/install/my_robot_description/lib/python3.10/site-packages/my_robot_description/__pycache__/__init__.cpython-310.pyc
/home/nasta/Documents/AutonomousMobileRobots/Homework_1/install/my_robot_description/share/ament_index/resource_index/packages/my_robot_description
/home/nasta/Documents/AutonomousMobileRobots/Homework_1/install/my_robot_description/share/my_robot_description/package.xml
/home/nasta/Documents/AutonomousMobileRobots/Homework_1/install/my_robot_description/share/my_robot_description/urdf/common_properties.xacro
/home/nasta/Documents/AutonomousMobileRobots/Homework_1/install/my_robot_description/share/my_robot_description/urdf/my_robot.urdf.xacro
/home/nasta/Documents/AutonomousMobileRobots/Homework_1/install/my_robot_description/share/my_robot_description/urdf/mobile_base_gazebo.xacro
/home/nasta/Documents/AutonomousMobileRobots/Homework_1/install/my_robot_description/share/my_robot_description/urdf/mobile_base.xacro
/home/nasta/Documents/AutonomousMobileRobots/Homework_1/install/my_robot_description/share/my_robot_description/urdf/camera.xacro
/home/nasta/Documents/AutonomousMobileRobots/Homework_1/install/my_robot_description/share/my_robot_description/launch/display.launch.xml
/home/nasta/Documents/AutonomousMobileRobots/Homework_1/install/my_robot_description/share/my_robot_description/launch/display.launch.py
/home/nasta/Documents/AutonomousMobileRobots/Homework_1/install/my_robot_description/share/my_robot_description/rviz/urdf_config.rviz
/home/nasta/Documents/AutonomousMobileRobots/Homework_1/install/my_robot_description/share/my_robot_description/meshes/base.STL
/home/nasta/Documents/AutonomousMobileRobots/Homework_1/install/my_robot_description/lib/python3.10/site-packages/my_robot_description-0.0.0-py3.10.egg-info/PKG-INFO
/home/nasta/Documents/AutonomousMobileRobots/Homework_1/install/my_robot_description/lib/python3.10/site-packages/my_robot_description-0.0.0-py3.10.egg-info/requires.txt
/home/nasta/Documents/AutonomousMobileRobots/Homework_1/install/my_robot_description/lib/python3.10/site-packages/my_robot_description-0.0.0-py3.10.egg-info/zip-safe
/home/nasta/Documents/AutonomousMobileRobots/Homework_1/install/my_robot_description/lib/python3.10/site-packages/my_robot_description-0.0.0-py3.10.egg-info/top_level.txt
/home/nasta/Documents/AutonomousMobileRobots/Homework_1/install/my_robot_description/lib/python3.10/site-packages/my_robot_description-0.0.0-py3.10.egg-info/SOURCES.txt
/home/nasta/Documents/AutonomousMobileRobots/Homework_1/install/my_robot_description/lib/python3.10/site-packages/my_robot_description-0.0.0-py3.10.egg-info/dependency_links.txt
/home/nasta/Documents/AutonomousMobileRobots/Homework_1/install/my_robot_description/lib/python3.10/site-packages/my_robot_description-0.0.0-py3.10.egg-info/entry_points.txt
