running egg_info
creating ../build/my_robot_bringup/my_robot_bringup.egg-info
writing ../build/my_robot_bringup/my_robot_bringup.egg-info/PKG-INFO
writing dependency_links to ../build/my_robot_bringup/my_robot_bringup.egg-info/dependency_links.txt
writing entry points to ../build/my_robot_bringup/my_robot_bringup.egg-info/entry_points.txt
writing requirements to ../build/my_robot_bringup/my_robot_bringup.egg-info/requires.txt
writing top-level names to ../build/my_robot_bringup/my_robot_bringup.egg-info/top_level.txt
writing manifest file '../build/my_robot_bringup/my_robot_bringup.egg-info/SOURCES.txt'
reading manifest file '../build/my_robot_bringup/my_robot_bringup.egg-info/SOURCES.txt'
writing manifest file '../build/my_robot_bringup/my_robot_bringup.egg-info/SOURCES.txt'
running build
running build_py
creating /home/nasta/Documents/AutonomousMobileRobots/Homework_1/build/my_robot_bringup/build
creating /home/nasta/Documents/AutonomousMobileRobots/Homework_1/build/my_robot_bringup/build/lib
creating /home/nasta/Documents/AutonomousMobileRobots/Homework_1/build/my_robot_bringup/build/lib/my_robot_bringup
copying my_robot_bringup/keyboard_control.py -> /home/nasta/Documents/AutonomousMobileRobots/Homework_1/build/my_robot_bringup/build/lib/my_robot_bringup
copying my_robot_bringup/waypoint_controller.py -> /home/nasta/Documents/AutonomousMobileRobots/Homework_1/build/my_robot_bringup/build/lib/my_robot_bringup
copying my_robot_bringup/odom_listener.py -> /home/nasta/Documents/AutonomousMobileRobots/Homework_1/build/my_robot_bringup/build/lib/my_robot_bringup
copying my_robot_bringup/plot_trajectory.py -> /home/nasta/Documents/AutonomousMobileRobots/Homework_1/build/my_robot_bringup/build/lib/my_robot_bringup
copying my_robot_bringup/__init__.py -> /home/nasta/Documents/AutonomousMobileRobots/Homework_1/build/my_robot_bringup/build/lib/my_robot_bringup
running install
running install_lib
creating /home/nasta/Documents/AutonomousMobileRobots/Homework_1/install/my_robot_bringup/lib/python3.10/site-packages/my_robot_bringup
copying /home/nasta/Documents/AutonomousMobileRobots/Homework_1/build/my_robot_bringup/build/lib/my_robot_bringup/keyboard_control.py -> /home/nasta/Documents/AutonomousMobileRobots/Homework_1/install/my_robot_bringup/lib/python3.10/site-packages/my_robot_bringup
copying /home/nasta/Documents/AutonomousMobileRobots/Homework_1/build/my_robot_bringup/build/lib/my_robot_bringup/waypoint_controller.py -> /home/nasta/Documents/AutonomousMobileRobots/Homework_1/install/my_robot_bringup/lib/python3.10/site-packages/my_robot_bringup
copying /home/nasta/Documents/AutonomousMobileRobots/Homework_1/build/my_robot_bringup/build/lib/my_robot_bringup/odom_listener.py -> /home/nasta/Documents/AutonomousMobileRobots/Homework_1/install/my_robot_bringup/lib/python3.10/site-packages/my_robot_bringup
copying /home/nasta/Documents/AutonomousMobileRobots/Homework_1/build/my_robot_bringup/build/lib/my_robot_bringup/plot_trajectory.py -> /home/nasta/Documents/AutonomousMobileRobots/Homework_1/install/my_robot_bringup/lib/python3.10/site-packages/my_robot_bringup
copying /home/nasta/Documents/AutonomousMobileRobots/Homework_1/build/my_robot_bringup/build/lib/my_robot_bringup/__init__.py -> /home/nasta/Documents/AutonomousMobileRobots/Homework_1/install/my_robot_bringup/lib/python3.10/site-packages/my_robot_bringup
byte-compiling /home/nasta/Documents/AutonomousMobileRobots/Homework_1/install/my_robot_bringup/lib/python3.10/site-packages/my_robot_bringup/keyboard_control.py to keyboard_control.cpython-310.pyc
byte-compiling /home/nasta/Documents/AutonomousMobileRobots/Homework_1/install/my_robot_bringup/lib/python3.10/site-packages/my_robot_bringup/waypoint_controller.py to waypoint_controller.cpython-310.pyc
byte-compiling /home/nasta/Documents/AutonomousMobileRobots/Homework_1/install/my_robot_bringup/lib/python3.10/site-packages/my_robot_bringup/odom_listener.py to odom_listener.cpython-310.pyc
byte-compiling /home/nasta/Documents/AutonomousMobileRobots/Homework_1/install/my_robot_bringup/lib/python3.10/site-packages/my_robot_bringup/plot_trajectory.py to plot_trajectory.cpython-310.pyc
byte-compiling /home/nasta/Documents/AutonomousMobileRobots/Homework_1/install/my_robot_bringup/lib/python3.10/site-packages/my_robot_bringup/__init__.py to __init__.cpython-310.pyc
running install_data
creating /home/nasta/Documents/AutonomousMobileRobots/Homework_1/install/my_robot_bringup/share/ament_index
creating /home/nasta/Documents/AutonomousMobileRobots/Homework_1/install/my_robot_bringup/share/ament_index/resource_index
creating /home/nasta/Documents/AutonomousMobileRobots/Homework_1/install/my_robot_bringup/share/ament_index/resource_index/packages
copying resource/my_robot_bringup -> /home/nasta/Documents/AutonomousMobileRobots/Homework_1/install/my_robot_bringup/share/ament_index/resource_index/packages
copying package.xml -> /home/nasta/Documents/AutonomousMobileRobots/Homework_1/install/my_robot_bringup/share/my_robot_bringup
creating /home/nasta/Documents/AutonomousMobileRobots/Homework_1/install/my_robot_bringup/share/my_robot_bringup/launch
copying launch/my_robot_gazebo.launch.xml -> /home/nasta/Documents/AutonomousMobileRobots/Homework_1/install/my_robot_bringup/share/my_robot_bringup/launch
running install_egg_info
Copying ../build/my_robot_bringup/my_robot_bringup.egg-info to /home/nasta/Documents/AutonomousMobileRobots/Homework_1/install/my_robot_bringup/lib/python3.10/site-packages/my_robot_bringup-0.0.0-py3.10.egg-info
running install_scripts
Installing keyboard_control script to /home/nasta/Documents/AutonomousMobileRobots/Homework_1/install/my_robot_bringup/lib/my_robot_bringup
Installing odom_listener script to /home/nasta/Documents/AutonomousMobileRobots/Homework_1/install/my_robot_bringup/lib/my_robot_bringup
Installing plot_trajectory script to /home/nasta/Documents/AutonomousMobileRobots/Homework_1/install/my_robot_bringup/lib/my_robot_bringup
Installing waypoint_controller script to /home/nasta/Documents/AutonomousMobileRobots/Homework_1/install/my_robot_bringup/lib/my_robot_bringup
writing list of installed files to '/home/nasta/Documents/AutonomousMobileRobots/Homework_1/build/my_robot_bringup/install.log'
