[0.636s] Invoking command in '/home/nasta/Documents/AutonomousMobileRobots/Homework_1/my_robot_bringup': AMENT_PREFIX_PATH=/home/nasta/Documents/AutonomousMobileRobots/Homework_1/install/my_robot_description:${AMENT_PREFIX_PATH} PYTHONPATH=/home/nasta/Documents/AutonomousMobileRobots/Homework_1/build/my_robot_bringup/prefix_override:/usr/lib/python3/dist-packages/colcon_core/task/python/colcon_distutils_commands:/home/nasta/Documents/AutonomousMobileRobots/Homework_1/install/my_robot_bringup/lib/python3.10/site-packages:/home/nasta/Documents/AutonomousMobileRobots/Homework_1/install/my_robot_description/lib/python3.10/site-packages:${PYTHONPATH} /usr/bin/python3 -W ignore:setup.py install is deprecated -W ignore:easy_install command is deprecated setup.py egg_info --egg-base ../build/my_robot_bringup build --build-base /home/nasta/Documents/AutonomousMobileRobots/Homework_1/build/my_robot_bringup/build install --record /home/nasta/Documents/AutonomousMobileRobots/Homework_1/build/my_robot_bringup/install.log --single-version-externally-managed install_data
[0.884s] running egg_info
[0.884s] creating ../build/my_robot_bringup/my_robot_bringup.egg-info
[0.884s] writing ../build/my_robot_bringup/my_robot_bringup.egg-info/PKG-INFO
[0.884s] writing dependency_links to ../build/my_robot_bringup/my_robot_bringup.egg-info/dependency_links.txt
[0.885s] writing entry points to ../build/my_robot_bringup/my_robot_bringup.egg-info/entry_points.txt
[0.885s] writing requirements to ../build/my_robot_bringup/my_robot_bringup.egg-info/requires.txt
[0.885s] writing top-level names to ../build/my_robot_bringup/my_robot_bringup.egg-info/top_level.txt
[0.885s] writing manifest file '../build/my_robot_bringup/my_robot_bringup.egg-info/SOURCES.txt'
[0.886s] reading manifest file '../build/my_robot_bringup/my_robot_bringup.egg-info/SOURCES.txt'
[0.887s] writing manifest file '../build/my_robot_bringup/my_robot_bringup.egg-info/SOURCES.txt'
[0.887s] running build
[0.888s] running build_py
[0.888s] creating /home/nasta/Documents/AutonomousMobileRobots/Homework_1/build/my_robot_bringup/build
[0.888s] creating /home/nasta/Documents/AutonomousMobileRobots/Homework_1/build/my_robot_bringup/build/lib
[0.888s] creating /home/nasta/Documents/AutonomousMobileRobots/Homework_1/build/my_robot_bringup/build/lib/my_robot_bringup
[0.888s] copying my_robot_bringup/keyboard_control.py -> /home/nasta/Documents/AutonomousMobileRobots/Homework_1/build/my_robot_bringup/build/lib/my_robot_bringup
[0.888s] copying my_robot_bringup/waypoint_controller.py -> /home/nasta/Documents/AutonomousMobileRobots/Homework_1/build/my_robot_bringup/build/lib/my_robot_bringup
[0.888s] copying my_robot_bringup/odom_listener.py -> /home/nasta/Documents/AutonomousMobileRobots/Homework_1/build/my_robot_bringup/build/lib/my_robot_bringup
[0.888s] copying my_robot_bringup/plot_trajectory.py -> /home/nasta/Documents/AutonomousMobileRobots/Homework_1/build/my_robot_bringup/build/lib/my_robot_bringup
[0.888s] copying my_robot_bringup/__init__.py -> /home/nasta/Documents/AutonomousMobileRobots/Homework_1/build/my_robot_bringup/build/lib/my_robot_bringup
[0.888s] running install
[0.888s] running install_lib
[0.889s] creating /home/nasta/Documents/AutonomousMobileRobots/Homework_1/install/my_robot_bringup/lib/python3.10/site-packages/my_robot_bringup
[0.889s] copying /home/nasta/Documents/AutonomousMobileRobots/Homework_1/build/my_robot_bringup/build/lib/my_robot_bringup/keyboard_control.py -> /home/nasta/Documents/AutonomousMobileRobots/Homework_1/install/my_robot_bringup/lib/python3.10/site-packages/my_robot_bringup
[0.889s] copying /home/nasta/Documents/AutonomousMobileRobots/Homework_1/build/my_robot_bringup/build/lib/my_robot_bringup/waypoint_controller.py -> /home/nasta/Documents/AutonomousMobileRobots/Homework_1/install/my_robot_bringup/lib/python3.10/site-packages/my_robot_bringup
[0.889s] copying /home/nasta/Documents/AutonomousMobileRobots/Homework_1/build/my_robot_bringup/build/lib/my_robot_bringup/odom_listener.py -> /home/nasta/Documents/AutonomousMobileRobots/Homework_1/install/my_robot_bringup/lib/python3.10/site-packages/my_robot_bringup
[0.889s] copying /home/nasta/Documents/AutonomousMobileRobots/Homework_1/build/my_robot_bringup/build/lib/my_robot_bringup/plot_trajectory.py -> /home/nasta/Documents/AutonomousMobileRobots/Homework_1/install/my_robot_bringup/lib/python3.10/site-packages/my_robot_bringup
[0.890s] copying /home/nasta/Documents/AutonomousMobileRobots/Homework_1/build/my_robot_bringup/build/lib/my_robot_bringup/__init__.py -> /home/nasta/Documents/AutonomousMobileRobots/Homework_1/install/my_robot_bringup/lib/python3.10/site-packages/my_robot_bringup
[0.890s] byte-compiling /home/nasta/Documents/AutonomousMobileRobots/Homework_1/install/my_robot_bringup/lib/python3.10/site-packages/my_robot_bringup/keyboard_control.py to keyboard_control.cpython-310.pyc
[0.891s] byte-compiling /home/nasta/Documents/AutonomousMobileRobots/Homework_1/install/my_robot_bringup/lib/python3.10/site-packages/my_robot_bringup/waypoint_controller.py to waypoint_controller.cpython-310.pyc
[0.892s] byte-compiling /home/nasta/Documents/AutonomousMobileRobots/Homework_1/install/my_robot_bringup/lib/python3.10/site-packages/my_robot_bringup/odom_listener.py to odom_listener.cpython-310.pyc
[0.892s] byte-compiling /home/nasta/Documents/AutonomousMobileRobots/Homework_1/install/my_robot_bringup/lib/python3.10/site-packages/my_robot_bringup/plot_trajectory.py to plot_trajectory.cpython-310.pyc
[0.893s] byte-compiling /home/nasta/Documents/AutonomousMobileRobots/Homework_1/install/my_robot_bringup/lib/python3.10/site-packages/my_robot_bringup/__init__.py to __init__.cpython-310.pyc
[0.893s] running install_data
[0.893s] creating /home/nasta/Documents/AutonomousMobileRobots/Homework_1/install/my_robot_bringup/share/ament_index
[0.894s] creating /home/nasta/Documents/AutonomousMobileRobots/Homework_1/install/my_robot_bringup/share/ament_index/resource_index
[0.894s] creating /home/nasta/Documents/AutonomousMobileRobots/Homework_1/install/my_robot_bringup/share/ament_index/resource_index/packages
[0.894s] copying resource/my_robot_bringup -> /home/nasta/Documents/AutonomousMobileRobots/Homework_1/install/my_robot_bringup/share/ament_index/resource_index/packages
[0.894s] copying package.xml -> /home/nasta/Documents/AutonomousMobileRobots/Homework_1/install/my_robot_bringup/share/my_robot_bringup
[0.894s] creating /home/nasta/Documents/AutonomousMobileRobots/Homework_1/install/my_robot_bringup/share/my_robot_bringup/launch
[0.894s] copying launch/my_robot_gazebo.launch.xml -> /home/nasta/Documents/AutonomousMobileRobots/Homework_1/install/my_robot_bringup/share/my_robot_bringup/launch
[0.894s] running install_egg_info
[0.895s] Copying ../build/my_robot_bringup/my_robot_bringup.egg-info to /home/nasta/Documents/AutonomousMobileRobots/Homework_1/install/my_robot_bringup/lib/python3.10/site-packages/my_robot_bringup-0.0.0-py3.10.egg-info
[0.896s] running install_scripts
[0.917s] Installing keyboard_control script to /home/nasta/Documents/AutonomousMobileRobots/Homework_1/install/my_robot_bringup/lib/my_robot_bringup
[0.917s] Installing odom_listener script to /home/nasta/Documents/AutonomousMobileRobots/Homework_1/install/my_robot_bringup/lib/my_robot_bringup
[0.918s] Installing plot_trajectory script to /home/nasta/Documents/AutonomousMobileRobots/Homework_1/install/my_robot_bringup/lib/my_robot_bringup
[0.918s] Installing waypoint_controller script to /home/nasta/Documents/AutonomousMobileRobots/Homework_1/install/my_robot_bringup/lib/my_robot_bringup
[0.918s] writing list of installed files to '/home/nasta/Documents/AutonomousMobileRobots/Homework_1/build/my_robot_bringup/install.log'
[0.950s] Invoked command in '/home/nasta/Documents/AutonomousMobileRobots/Homework_1/my_robot_bringup' returned '0': AMENT_PREFIX_PATH=/home/nasta/Documents/AutonomousMobileRobots/Homework_1/install/my_robot_description:${AMENT_PREFIX_PATH} PYTHONPATH=/home/nasta/Documents/AutonomousMobileRobots/Homework_1/build/my_robot_bringup/prefix_override:/usr/lib/python3/dist-packages/colcon_core/task/python/colcon_distutils_commands:/home/nasta/Documents/AutonomousMobileRobots/Homework_1/install/my_robot_bringup/lib/python3.10/site-packages:/home/nasta/Documents/AutonomousMobileRobots/Homework_1/install/my_robot_description/lib/python3.10/site-packages:${PYTHONPATH} /usr/bin/python3 -W ignore:setup.py install is deprecated -W ignore:easy_install command is deprecated setup.py egg_info --egg-base ../build/my_robot_bringup build --build-base /home/nasta/Documents/AutonomousMobileRobots/Homework_1/build/my_robot_bringup/build install --record /home/nasta/Documents/AutonomousMobileRobots/Homework_1/build/my_robot_bringup/install.log --single-version-externally-managed install_data
