[2.146s] DEBUG:colcon:Command line arguments: ['/usr/bin/colcon', 'build', '--packages-select', 'my_robot_bringup']
[2.146s] DEBUG:colcon:Parsed command line arguments: Namespace(log_base=None, log_level=None, verb_name='build', build_base='build', install_base='install', merge_install=False, symlink_install=False, test_result_base=None, continue_on_error=False, executor='parallel', parallel_workers=8, event_handlers=None, ignore_user_meta=False, metas=['./colcon.meta'], base_paths=['.'], packages_ignore=None, packages_ignore_regex=None, paths=None, packages_up_to=None, packages_up_to_regex=None, packages_above=None, packages_above_and_dependencies=None, packages_above_depth=None, packages_select_by_dep=None, packages_skip_by_dep=None, packages_skip_up_to=None, packages_select_build_failed=False, packages_skip_build_finished=False, packages_select_test_failures=False, packages_skip_test_passed=False, packages_select=['my_robot_bringup'], packages_skip=None, packages_select_regex=None, packages_skip_regex=None, packages_start=None, packages_end=None, allow_overriding=[], cmake_args=None, cmake_target=None, cmake_target_skip_unavailable=False, cmake_clean_cache=False, cmake_clean_first=False, cmake_force_configure=False, ament_cmake_args=None, catkin_cmake_args=None, catkin_skip_building_tests=False, mixin_files=None, mixin=None, verb_parser=<colcon_mixin.mixin.mixin_argument.MixinArgumentDecorator object at 0x7f2ee2a46c80>, verb_extension=<colcon_core.verb.build.BuildVerb object at 0x7f2ee2a04460>, main=<bound method BuildVerb.main of <colcon_core.verb.build.BuildVerb object at 0x7f2ee2a04460>>, mixin_verb=('build',))
[12.849s] Level 1:colcon.colcon_core.package_discovery:discover_packages(colcon_meta) check parameters
[12.849s] Level 1:colcon.colcon_core.package_discovery:discover_packages(recursive) check parameters
[12.849s] Level 1:colcon.colcon_core.package_discovery:discover_packages(ignore) check parameters
[12.849s] Level 1:colcon.colcon_core.package_discovery:discover_packages(path) check parameters
[12.849s] Level 1:colcon.colcon_core.package_discovery:discover_packages(colcon_meta) discover
[12.849s] Level 1:colcon.colcon_core.package_discovery:discover_packages(recursive) discover
[12.849s] INFO:colcon.colcon_core.package_discovery:Crawling recursively for packages in '/home/nasta/Documents/AutonomousMobileRobots/Homework_1'
[12.849s] Level 1:colcon.colcon_core.package_identification:_identify(.) by extensions ['ignore', 'ignore_ament_install']
[12.850s] Level 1:colcon.colcon_core.package_identification:_identify(.) by extension 'ignore'
[12.850s] Level 1:colcon.colcon_core.package_identification:_identify(.) by extension 'ignore_ament_install'
[12.850s] Level 1:colcon.colcon_core.package_identification:_identify(.) by extensions ['colcon_pkg']
[12.850s] Level 1:colcon.colcon_core.package_identification:_identify(.) by extension 'colcon_pkg'
[12.850s] Level 1:colcon.colcon_core.package_identification:_identify(.) by extensions ['colcon_meta']
[12.850s] Level 1:colcon.colcon_core.package_identification:_identify(.) by extension 'colcon_meta'
[12.850s] Level 1:colcon.colcon_core.package_identification:_identify(.) by extensions ['ros']
[12.850s] Level 1:colcon.colcon_core.package_identification:_identify(.) by extension 'ros'
[12.906s] Level 1:colcon.colcon_core.package_identification:_identify(.) by extensions ['cmake', 'python']
[12.906s] Level 1:colcon.colcon_core.package_identification:_identify(.) by extension 'cmake'
[12.906s] Level 1:colcon.colcon_core.package_identification:_identify(.) by extension 'python'
[12.906s] Level 1:colcon.colcon_core.package_identification:_identify(.) by extensions ['python_setup_py']
[12.906s] Level 1:colcon.colcon_core.package_identification:_identify(.) by extension 'python_setup_py'
[12.906s] Level 1:colcon.colcon_core.package_identification:_identify(build) by extensions ['ignore', 'ignore_ament_install']
[12.906s] Level 1:colcon.colcon_core.package_identification:_identify(build) by extension 'ignore'
[12.907s] Level 1:colcon.colcon_core.package_identification:_identify(build) ignored
[12.907s] Level 1:colcon.colcon_core.package_identification:_identify(install) by extensions ['ignore', 'ignore_ament_install']
[12.907s] Level 1:colcon.colcon_core.package_identification:_identify(install) by extension 'ignore'
[12.907s] Level 1:colcon.colcon_core.package_identification:_identify(install) ignored
[12.907s] Level 1:colcon.colcon_core.package_identification:_identify(log) by extensions ['ignore', 'ignore_ament_install']
[12.907s] Level 1:colcon.colcon_core.package_identification:_identify(log) by extension 'ignore'
[12.907s] Level 1:colcon.colcon_core.package_identification:_identify(log) ignored
[12.907s] Level 1:colcon.colcon_core.package_identification:_identify(my_robot_bringup) by extensions ['ignore', 'ignore_ament_install']
[12.907s] Level 1:colcon.colcon_core.package_identification:_identify(my_robot_bringup) by extension 'ignore'
[12.907s] Level 1:colcon.colcon_core.package_identification:_identify(my_robot_bringup) by extension 'ignore_ament_install'
[12.908s] Level 1:colcon.colcon_core.package_identification:_identify(my_robot_bringup) by extensions ['colcon_pkg']
[12.908s] Level 1:colcon.colcon_core.package_identification:_identify(my_robot_bringup) by extension 'colcon_pkg'
[12.908s] Level 1:colcon.colcon_core.package_identification:_identify(my_robot_bringup) by extensions ['colcon_meta']
[12.908s] Level 1:colcon.colcon_core.package_identification:_identify(my_robot_bringup) by extension 'colcon_meta'
[12.908s] Level 1:colcon.colcon_core.package_identification:_identify(my_robot_bringup) by extensions ['ros']
[12.908s] Level 1:colcon.colcon_core.package_identification:_identify(my_robot_bringup) by extension 'ros'
[12.950s] DEBUG:colcon.colcon_core.package_identification:Package 'my_robot_bringup' with type 'ros.ament_python' and name 'my_robot_bringup'
[12.950s] Level 1:colcon.colcon_core.package_identification:_identify(my_robot_description) by extensions ['ignore', 'ignore_ament_install']
[12.950s] Level 1:colcon.colcon_core.package_identification:_identify(my_robot_description) by extension 'ignore'
[12.950s] Level 1:colcon.colcon_core.package_identification:_identify(my_robot_description) by extension 'ignore_ament_install'
[12.951s] Level 1:colcon.colcon_core.package_identification:_identify(my_robot_description) by extensions ['colcon_pkg']
[12.951s] Level 1:colcon.colcon_core.package_identification:_identify(my_robot_description) by extension 'colcon_pkg'
[12.951s] Level 1:colcon.colcon_core.package_identification:_identify(my_robot_description) by extensions ['colcon_meta']
[12.951s] Level 1:colcon.colcon_core.package_identification:_identify(my_robot_description) by extension 'colcon_meta'
[12.951s] Level 1:colcon.colcon_core.package_identification:_identify(my_robot_description) by extensions ['ros']
[12.951s] Level 1:colcon.colcon_core.package_identification:_identify(my_robot_description) by extension 'ros'
[12.952s] DEBUG:colcon.colcon_core.package_identification:Package 'my_robot_description' with type 'ros.ament_python' and name 'my_robot_description'
[12.952s] Level 1:colcon.colcon_core.package_discovery:discover_packages(recursive) using defaults
[12.952s] Level 1:colcon.colcon_core.package_discovery:discover_packages(ignore) discover
[12.952s] Level 1:colcon.colcon_core.package_discovery:discover_packages(ignore) using defaults
[12.952s] Level 1:colcon.colcon_core.package_discovery:discover_packages(path) discover
[12.952s] Level 1:colcon.colcon_core.package_discovery:discover_packages(path) using defaults
[13.920s] INFO:colcon.colcon_core.package_selection:Skipping not selected package 'my_robot_description' in 'my_robot_description'
[13.928s] Level 1:colcon.colcon_core.package_discovery:discover_packages(prefix_path) check parameters
[13.928s] Level 1:colcon.colcon_core.package_discovery:discover_packages(prefix_path) discover
[13.970s] DEBUG:colcon.colcon_installed_package_information.package_discovery:Found 1 installed packages in /home/nasta/AMR_ws/install
[13.970s] DEBUG:colcon.colcon_installed_package_information.package_discovery:Found 1 installed packages in /home/nasta/IROS/install
[13.971s] DEBUG:colcon.colcon_installed_package_information.package_discovery:Found 284 installed packages in /opt/ros/humble
[13.973s] Level 1:colcon.colcon_core.package_discovery:discover_packages(prefix_path) using defaults
[14.107s] Level 5:colcon.colcon_core.verb:set package 'my_robot_bringup' build argument 'cmake_args' from command line to 'None'
[14.107s] Level 5:colcon.colcon_core.verb:set package 'my_robot_bringup' build argument 'cmake_target' from command line to 'None'
[14.107s] Level 5:colcon.colcon_core.verb:set package 'my_robot_bringup' build argument 'cmake_target_skip_unavailable' from command line to 'False'
[14.107s] Level 5:colcon.colcon_core.verb:set package 'my_robot_bringup' build argument 'cmake_clean_cache' from command line to 'False'
[14.107s] Level 5:colcon.colcon_core.verb:set package 'my_robot_bringup' build argument 'cmake_clean_first' from command line to 'False'
[14.107s] Level 5:colcon.colcon_core.verb:set package 'my_robot_bringup' build argument 'cmake_force_configure' from command line to 'False'
[14.107s] Level 5:colcon.colcon_core.verb:set package 'my_robot_bringup' build argument 'ament_cmake_args' from command line to 'None'
[14.107s] Level 5:colcon.colcon_core.verb:set package 'my_robot_bringup' build argument 'catkin_cmake_args' from command line to 'None'
[14.107s] Level 5:colcon.colcon_core.verb:set package 'my_robot_bringup' build argument 'catkin_skip_building_tests' from command line to 'False'
[14.107s] DEBUG:colcon.colcon_core.verb:Building package 'my_robot_bringup' with the following arguments: {'ament_cmake_args': None, 'build_base': '/home/nasta/Documents/AutonomousMobileRobots/Homework_1/build/my_robot_bringup', 'catkin_cmake_args': None, 'catkin_skip_building_tests': False, 'cmake_args': None, 'cmake_clean_cache': False, 'cmake_clean_first': False, 'cmake_force_configure': False, 'cmake_target': None, 'cmake_target_skip_unavailable': False, 'install_base': '/home/nasta/Documents/AutonomousMobileRobots/Homework_1/install/my_robot_bringup', 'merge_install': False, 'path': '/home/nasta/Documents/AutonomousMobileRobots/Homework_1/my_robot_bringup', 'symlink_install': False, 'test_result_base': None}
[14.107s] INFO:colcon.colcon_core.executor:Executing jobs using 'parallel' executor
[14.108s] DEBUG:colcon.colcon_parallel_executor.executor.parallel:run_until_complete
[14.108s] INFO:colcon.colcon_ros.task.ament_python.build:Building ROS package in '/home/nasta/Documents/AutonomousMobileRobots/Homework_1/my_robot_bringup' with build type 'ament_python'
[14.109s] Level 1:colcon.colcon_core.shell:create_environment_hook('my_robot_bringup', 'ament_prefix_path')
[14.169s] INFO:colcon.colcon_core.plugin_system:Skipping extension 'colcon_core.shell.bat': Not used on non-Windows systems
[14.169s] INFO:colcon.colcon_core.shell:Creating environment hook '/home/nasta/Documents/AutonomousMobileRobots/Homework_1/install/my_robot_bringup/share/my_robot_bringup/hook/ament_prefix_path.ps1'
[14.183s] INFO:colcon.colcon_core.shell:Creating environment descriptor '/home/nasta/Documents/AutonomousMobileRobots/Homework_1/install/my_robot_bringup/share/my_robot_bringup/hook/ament_prefix_path.dsv'
[14.199s] INFO:colcon.colcon_core.shell:Creating environment hook '/home/nasta/Documents/AutonomousMobileRobots/Homework_1/install/my_robot_bringup/share/my_robot_bringup/hook/ament_prefix_path.sh'
[14.201s] INFO:colcon.colcon_core.shell:Skip shell extension 'powershell' for command environment: Not usable outside of PowerShell
[14.201s] DEBUG:colcon.colcon_core.shell:Skip shell extension 'dsv' for command environment
[14.580s] INFO:colcon.colcon_core.task.python.build:Building Python package in '/home/nasta/Documents/AutonomousMobileRobots/Homework_1/my_robot_bringup'
[14.581s] INFO:colcon.colcon_core.shell:Skip shell extension 'powershell' for command environment: Not usable outside of PowerShell
[14.581s] DEBUG:colcon.colcon_core.shell:Skip shell extension 'dsv' for command environment
[15.292s] DEBUG:colcon.colcon_core.event_handler.log_command:Invoking command in '/home/nasta/Documents/AutonomousMobileRobots/Homework_1/my_robot_bringup': AMENT_PREFIX_PATH=/home/nasta/Documents/AutonomousMobileRobots/Homework_1/install/my_robot_description:${AMENT_PREFIX_PATH} PYTHONPATH=/home/nasta/Documents/AutonomousMobileRobots/Homework_1/build/my_robot_bringup/prefix_override:/usr/lib/python3/dist-packages/colcon_core/task/python/colcon_distutils_commands:/home/nasta/Documents/AutonomousMobileRobots/Homework_1/install/my_robot_bringup/lib/python3.10/site-packages:/home/nasta/Documents/AutonomousMobileRobots/Homework_1/install/my_robot_description/lib/python3.10/site-packages:${PYTHONPATH} /usr/bin/python3 -W ignore:setup.py install is deprecated -W ignore:easy_install command is deprecated setup.py egg_info --egg-base ../build/my_robot_bringup build --build-base /home/nasta/Documents/AutonomousMobileRobots/Homework_1/build/my_robot_bringup/build install --record /home/nasta/Documents/AutonomousMobileRobots/Homework_1/build/my_robot_bringup/install.log --single-version-externally-managed install_data
[15.703s] DEBUG:colcon.colcon_core.event_handler.log_command:Invoked command in '/home/nasta/Documents/AutonomousMobileRobots/Homework_1/my_robot_bringup' returned '0': AMENT_PREFIX_PATH=/home/nasta/Documents/AutonomousMobileRobots/Homework_1/install/my_robot_description:${AMENT_PREFIX_PATH} PYTHONPATH=/home/nasta/Documents/AutonomousMobileRobots/Homework_1/build/my_robot_bringup/prefix_override:/usr/lib/python3/dist-packages/colcon_core/task/python/colcon_distutils_commands:/home/nasta/Documents/AutonomousMobileRobots/Homework_1/install/my_robot_bringup/lib/python3.10/site-packages:/home/nasta/Documents/AutonomousMobileRobots/Homework_1/install/my_robot_description/lib/python3.10/site-packages:${PYTHONPATH} /usr/bin/python3 -W ignore:setup.py install is deprecated -W ignore:easy_install command is deprecated setup.py egg_info --egg-base ../build/my_robot_bringup build --build-base /home/nasta/Documents/AutonomousMobileRobots/Homework_1/build/my_robot_bringup/build install --record /home/nasta/Documents/AutonomousMobileRobots/Homework_1/build/my_robot_bringup/install.log --single-version-externally-managed install_data
[15.732s] Level 1:colcon.colcon_core.environment:checking '/home/nasta/Documents/AutonomousMobileRobots/Homework_1/install/my_robot_bringup' for CMake module files
[15.733s] Level 1:colcon.colcon_core.environment:checking '/home/nasta/Documents/AutonomousMobileRobots/Homework_1/install/my_robot_bringup' for CMake config files
[15.733s] Level 1:colcon.colcon_core.environment:checking '/home/nasta/Documents/AutonomousMobileRobots/Homework_1/install/my_robot_bringup/lib'
[15.734s] Level 1:colcon.colcon_core.environment:checking '/home/nasta/Documents/AutonomousMobileRobots/Homework_1/install/my_robot_bringup/bin'
[15.734s] Level 1:colcon.colcon_core.environment:checking '/home/nasta/Documents/AutonomousMobileRobots/Homework_1/install/my_robot_bringup/lib/pkgconfig/my_robot_bringup.pc'
[15.734s] Level 1:colcon.colcon_core.environment:checking '/home/nasta/Documents/AutonomousMobileRobots/Homework_1/install/my_robot_bringup/lib/python3.10/site-packages'
[15.734s] Level 1:colcon.colcon_core.shell:create_environment_hook('my_robot_bringup', 'pythonpath')
[15.735s] INFO:colcon.colcon_core.shell:Creating environment hook '/home/nasta/Documents/AutonomousMobileRobots/Homework_1/install/my_robot_bringup/share/my_robot_bringup/hook/pythonpath.ps1'
[15.735s] INFO:colcon.colcon_core.shell:Creating environment descriptor '/home/nasta/Documents/AutonomousMobileRobots/Homework_1/install/my_robot_bringup/share/my_robot_bringup/hook/pythonpath.dsv'
[15.736s] INFO:colcon.colcon_core.shell:Creating environment hook '/home/nasta/Documents/AutonomousMobileRobots/Homework_1/install/my_robot_bringup/share/my_robot_bringup/hook/pythonpath.sh'
[15.737s] Level 1:colcon.colcon_core.environment:checking '/home/nasta/Documents/AutonomousMobileRobots/Homework_1/install/my_robot_bringup/bin'
[15.737s] Level 1:colcon.colcon_core.environment:create_environment_scripts_only(my_robot_bringup)
[15.738s] INFO:colcon.colcon_core.shell:Creating package script '/home/nasta/Documents/AutonomousMobileRobots/Homework_1/install/my_robot_bringup/share/my_robot_bringup/package.ps1'
[15.739s] INFO:colcon.colcon_core.shell:Creating package descriptor '/home/nasta/Documents/AutonomousMobileRobots/Homework_1/install/my_robot_bringup/share/my_robot_bringup/package.dsv'
[15.740s] INFO:colcon.colcon_core.shell:Creating package script '/home/nasta/Documents/AutonomousMobileRobots/Homework_1/install/my_robot_bringup/share/my_robot_bringup/package.sh'
[15.741s] INFO:colcon.colcon_core.shell:Creating package script '/home/nasta/Documents/AutonomousMobileRobots/Homework_1/install/my_robot_bringup/share/my_robot_bringup/package.bash'
[15.746s] INFO:colcon.colcon_core.shell:Creating package script '/home/nasta/Documents/AutonomousMobileRobots/Homework_1/install/my_robot_bringup/share/my_robot_bringup/package.zsh'
[15.751s] Level 1:colcon.colcon_core.environment:create_file_with_runtime_dependencies(/home/nasta/Documents/AutonomousMobileRobots/Homework_1/install/my_robot_bringup/share/colcon-core/packages/my_robot_bringup)
[15.752s] DEBUG:colcon.colcon_parallel_executor.executor.parallel:closing loop
[15.752s] DEBUG:colcon.colcon_parallel_executor.executor.parallel:loop closed
[15.752s] DEBUG:colcon.colcon_parallel_executor.executor.parallel:run_until_complete finished with '0'
[15.752s] DEBUG:colcon.colcon_core.event_reactor:joining thread
[15.813s] INFO:colcon.colcon_core.plugin_system:Skipping extension 'colcon_notification.desktop_notification.terminal_notifier': Not used on non-Darwin systems
[15.813s] INFO:colcon.colcon_core.plugin_system:Skipping extension 'colcon_notification.desktop_notification.win32': Not used on non-Windows systems
[15.813s] INFO:colcon.colcon_notification.desktop_notification:Sending desktop notification using 'notify2'
[15.827s] DEBUG:colcon.colcon_core.event_reactor:joined thread
[15.827s] INFO:colcon.colcon_core.shell:Creating prefix script '/home/nasta/Documents/AutonomousMobileRobots/Homework_1/install/local_setup.ps1'
[15.830s] INFO:colcon.colcon_core.shell:Creating prefix util module '/home/nasta/Documents/AutonomousMobileRobots/Homework_1/install/_local_setup_util_ps1.py'
[15.836s] INFO:colcon.colcon_core.shell:Creating prefix chain script '/home/nasta/Documents/AutonomousMobileRobots/Homework_1/install/setup.ps1'
[15.840s] INFO:colcon.colcon_core.shell:Creating prefix script '/home/nasta/Documents/AutonomousMobileRobots/Homework_1/install/local_setup.sh'
[15.845s] INFO:colcon.colcon_core.shell:Creating prefix util module '/home/nasta/Documents/AutonomousMobileRobots/Homework_1/install/_local_setup_util_sh.py'
[15.845s] INFO:colcon.colcon_core.shell:Creating prefix chain script '/home/nasta/Documents/AutonomousMobileRobots/Homework_1/install/setup.sh'
[15.857s] INFO:colcon.colcon_core.shell:Creating prefix script '/home/nasta/Documents/AutonomousMobileRobots/Homework_1/install/local_setup.bash'
[15.866s] INFO:colcon.colcon_core.shell:Creating prefix chain script '/home/nasta/Documents/AutonomousMobileRobots/Homework_1/install/setup.bash'
[15.869s] INFO:colcon.colcon_core.shell:Creating prefix script '/home/nasta/Documents/AutonomousMobileRobots/Homework_1/install/local_setup.zsh'
[15.870s] INFO:colcon.colcon_core.shell:Creating prefix chain script '/home/nasta/Documents/AutonomousMobileRobots/Homework_1/install/setup.zsh'
