[0.657s] Invoking command in '/home/nasta/Documents/AutonomousMobileRobots/Homework_1/my_robot_bringup': AMENT_PREFIX_PATH=/home/nasta/Documents/AutonomousMobileRobots/Homework_1/install/my_robot_description:/home/nasta/Documents/AutonomousMobileRobots/Homework_1/install/my_robot_bringup:/home/nasta/AMR_ws/install/amr_tutorial:/home/nasta/IROS/install/grid_world:/opt/ros/humble PYTHONPATH=/home/nasta/Documents/AutonomousMobileRobots/Homework_1/build/my_robot_bringup/prefix_override:/usr/lib/python3/dist-packages/colcon_core/task/python/colcon_distutils_commands:/home/nasta/Documents/AutonomousMobileRobots/Homework_1/install/my_robot_bringup/lib/python3.10/site-packages:/home/nasta/Documents/AutonomousMobileRobots/Homework_1/install/my_robot_description/lib/python3.10/site-packages:/home/nasta/Documents/AutonomousMobileRobots/Homework_1/install/my_robot_bringup/lib/python3.10/site-packages:/home/nasta/AMR_ws/install/amr_tutorial/lib/python3.10/site-packages:/home/nasta/IROS/install/grid_world/lib/python3.10/site-packages:/opt/ros/humble/lib/python3.10/site-packages:/opt/ros/humble/local/lib/python3.10/dist-packages /usr/bin/python3 -W ignore:setup.py install is deprecated -W ignore:easy_install command is deprecated setup.py egg_info --egg-base ../build/my_robot_bringup build --build-base /home/nasta/Documents/AutonomousMobileRobots/Homework_1/build/my_robot_bringup/build install --record /home/nasta/Documents/AutonomousMobileRobots/Homework_1/build/my_robot_bringup/install.log --single-version-externally-managed install_data
[0.904s] running egg_info
[0.905s] writing ../build/my_robot_bringup/my_robot_bringup.egg-info/PKG-INFO
[0.905s] writing dependency_links to ../build/my_robot_bringup/my_robot_bringup.egg-info/dependency_links.txt
[0.906s] writing entry points to ../build/my_robot_bringup/my_robot_bringup.egg-info/entry_points.txt
[0.906s] writing requirements to ../build/my_robot_bringup/my_robot_bringup.egg-info/requires.txt
[0.906s] writing top-level names to ../build/my_robot_bringup/my_robot_bringup.egg-info/top_level.txt
[0.908s] reading manifest file '../build/my_robot_bringup/my_robot_bringup.egg-info/SOURCES.txt'
[0.910s] writing manifest file '../build/my_robot_bringup/my_robot_bringup.egg-info/SOURCES.txt'
[0.910s] running build
[0.910s] running build_py
[0.910s] running install
[0.911s] running install_lib
[0.912s] running install_data
[0.913s] running install_egg_info
[0.915s] removing '/home/nasta/Documents/AutonomousMobileRobots/Homework_1/install/my_robot_bringup/lib/python3.10/site-packages/my_robot_bringup-0.0.0-py3.10.egg-info' (and everything under it)
[0.915s] Copying ../build/my_robot_bringup/my_robot_bringup.egg-info to /home/nasta/Documents/AutonomousMobileRobots/Homework_1/install/my_robot_bringup/lib/python3.10/site-packages/my_robot_bringup-0.0.0-py3.10.egg-info
[0.916s] running install_scripts
[0.937s] Installing keyboard_control script to /home/nasta/Documents/AutonomousMobileRobots/Homework_1/install/my_robot_bringup/lib/my_robot_bringup
[0.937s] Installing odom_listener script to /home/nasta/Documents/AutonomousMobileRobots/Homework_1/install/my_robot_bringup/lib/my_robot_bringup
[0.937s] Installing plot_trajectory script to /home/nasta/Documents/AutonomousMobileRobots/Homework_1/install/my_robot_bringup/lib/my_robot_bringup
[0.938s] Installing waypoint_controller script to /home/nasta/Documents/AutonomousMobileRobots/Homework_1/install/my_robot_bringup/lib/my_robot_bringup
[0.938s] writing list of installed files to '/home/nasta/Documents/AutonomousMobileRobots/Homework_1/build/my_robot_bringup/install.log'
[0.967s] Invoked command in '/home/nasta/Documents/AutonomousMobileRobots/Homework_1/my_robot_bringup' returned '0': AMENT_PREFIX_PATH=/home/nasta/Documents/AutonomousMobileRobots/Homework_1/install/my_robot_description:/home/nasta/Documents/AutonomousMobileRobots/Homework_1/install/my_robot_bringup:/home/nasta/AMR_ws/install/amr_tutorial:/home/nasta/IROS/install/grid_world:/opt/ros/humble PYTHONPATH=/home/nasta/Documents/AutonomousMobileRobots/Homework_1/build/my_robot_bringup/prefix_override:/usr/lib/python3/dist-packages/colcon_core/task/python/colcon_distutils_commands:/home/nasta/Documents/AutonomousMobileRobots/Homework_1/install/my_robot_bringup/lib/python3.10/site-packages:/home/nasta/Documents/AutonomousMobileRobots/Homework_1/install/my_robot_description/lib/python3.10/site-packages:/home/nasta/Documents/AutonomousMobileRobots/Homework_1/install/my_robot_bringup/lib/python3.10/site-packages:/home/nasta/AMR_ws/install/amr_tutorial/lib/python3.10/site-packages:/home/nasta/IROS/install/grid_world/lib/python3.10/site-packages:/opt/ros/humble/lib/python3.10/site-packages:/opt/ros/humble/local/lib/python3.10/dist-packages /usr/bin/python3 -W ignore:setup.py install is deprecated -W ignore:easy_install command is deprecated setup.py egg_info --egg-base ../build/my_robot_bringup build --build-base /home/nasta/Documents/AutonomousMobileRobots/Homework_1/build/my_robot_bringup/build install --record /home/nasta/Documents/AutonomousMobileRobots/Homework_1/build/my_robot_bringup/install.log --single-version-externally-managed install_data
