[1.089s] Invoking command in '/home/nasta/Documents/AutonomousMobileRobots/Homework_1/my_robot_description': PYTHONPATH=/home/nasta/Documents/AutonomousMobileRobots/Homework_1/build/my_robot_description/prefix_override:/usr/lib/python3/dist-packages/colcon_core/task/python/colcon_distutils_commands:/home/nasta/Documents/AutonomousMobileRobots/Homework_1/install/my_robot_description/lib/python3.10/site-packages:${PYTHONPATH} /usr/bin/python3 -W ignore:setup.py install is deprecated -W ignore:easy_install command is deprecated setup.py egg_info --egg-base ../build/my_robot_description build --build-base /home/nasta/Documents/AutonomousMobileRobots/Homework_1/build/my_robot_description/build install --record /home/nasta/Documents/AutonomousMobileRobots/Homework_1/build/my_robot_description/install.log --single-version-externally-managed install_data
[1.348s] running egg_info
[1.348s] creating ../build/my_robot_description/my_robot_description.egg-info
[1.348s] writing ../build/my_robot_description/my_robot_description.egg-info/PKG-INFO
[1.349s] writing dependency_links to ../build/my_robot_description/my_robot_description.egg-info/dependency_links.txt
[1.349s] writing entry points to ../build/my_robot_description/my_robot_description.egg-info/entry_points.txt
[1.349s] writing requirements to ../build/my_robot_description/my_robot_description.egg-info/requires.txt
[1.349s] writing top-level names to ../build/my_robot_description/my_robot_description.egg-info/top_level.txt
[1.349s] writing manifest file '../build/my_robot_description/my_robot_description.egg-info/SOURCES.txt'
[1.350s] reading manifest file '../build/my_robot_description/my_robot_description.egg-info/SOURCES.txt'
[1.351s] writing manifest file '../build/my_robot_description/my_robot_description.egg-info/SOURCES.txt'
[1.351s] running build
[1.351s] running build_py
[1.352s] creating /home/nasta/Documents/AutonomousMobileRobots/Homework_1/build/my_robot_description/build
[1.352s] creating /home/nasta/Documents/AutonomousMobileRobots/Homework_1/build/my_robot_description/build/lib
[1.352s] creating /home/nasta/Documents/AutonomousMobileRobots/Homework_1/build/my_robot_description/build/lib/my_robot_description
[1.352s] copying my_robot_description/__init__.py -> /home/nasta/Documents/AutonomousMobileRobots/Homework_1/build/my_robot_description/build/lib/my_robot_description
[1.352s] running install
[1.352s] running install_lib
[1.353s] creating /home/nasta/Documents/AutonomousMobileRobots/Homework_1/install/my_robot_description/lib/python3.10/site-packages/my_robot_description
[1.353s] copying /home/nasta/Documents/AutonomousMobileRobots/Homework_1/build/my_robot_description/build/lib/my_robot_description/__init__.py -> /home/nasta/Documents/AutonomousMobileRobots/Homework_1/install/my_robot_description/lib/python3.10/site-packages/my_robot_description
[1.353s] byte-compiling /home/nasta/Documents/AutonomousMobileRobots/Homework_1/install/my_robot_description/lib/python3.10/site-packages/my_robot_description/__init__.py to __init__.cpython-310.pyc
[1.353s] running install_data
[1.353s] creating /home/nasta/Documents/AutonomousMobileRobots/Homework_1/install/my_robot_description/share/ament_index
[1.354s] creating /home/nasta/Documents/AutonomousMobileRobots/Homework_1/install/my_robot_description/share/ament_index/resource_index
[1.354s] creating /home/nasta/Documents/AutonomousMobileRobots/Homework_1/install/my_robot_description/share/ament_index/resource_index/packages
[1.354s] copying resource/my_robot_description -> /home/nasta/Documents/AutonomousMobileRobots/Homework_1/install/my_robot_description/share/ament_index/resource_index/packages
[1.354s] copying package.xml -> /home/nasta/Documents/AutonomousMobileRobots/Homework_1/install/my_robot_description/share/my_robot_description
[1.354s] creating /home/nasta/Documents/AutonomousMobileRobots/Homework_1/install/my_robot_description/share/my_robot_description/urdf
[1.354s] copying urdf/common_properties.xacro -> /home/nasta/Documents/AutonomousMobileRobots/Homework_1/install/my_robot_description/share/my_robot_description/urdf
[1.354s] copying urdf/my_robot.urdf.xacro -> /home/nasta/Documents/AutonomousMobileRobots/Homework_1/install/my_robot_description/share/my_robot_description/urdf
[1.354s] copying urdf/mobile_base_gazebo.xacro -> /home/nasta/Documents/AutonomousMobileRobots/Homework_1/install/my_robot_description/share/my_robot_description/urdf
[1.354s] copying urdf/mobile_base.xacro -> /home/nasta/Documents/AutonomousMobileRobots/Homework_1/install/my_robot_description/share/my_robot_description/urdf
[1.355s] copying urdf/camera.xacro -> /home/nasta/Documents/AutonomousMobileRobots/Homework_1/install/my_robot_description/share/my_robot_description/urdf
[1.355s] creating /home/nasta/Documents/AutonomousMobileRobots/Homework_1/install/my_robot_description/share/my_robot_description/launch
[1.355s] copying launch/display.launch.xml -> /home/nasta/Documents/AutonomousMobileRobots/Homework_1/install/my_robot_description/share/my_robot_description/launch
[1.355s] copying launch/display.launch.py -> /home/nasta/Documents/AutonomousMobileRobots/Homework_1/install/my_robot_description/share/my_robot_description/launch
[1.355s] creating /home/nasta/Documents/AutonomousMobileRobots/Homework_1/install/my_robot_description/share/my_robot_description/rviz
[1.355s] copying rviz/urdf_config.rviz -> /home/nasta/Documents/AutonomousMobileRobots/Homework_1/install/my_robot_description/share/my_robot_description/rviz
[1.355s] creating /home/nasta/Documents/AutonomousMobileRobots/Homework_1/install/my_robot_description/share/my_robot_description/meshes
[1.355s] copying meshes/base.STL -> /home/nasta/Documents/AutonomousMobileRobots/Homework_1/install/my_robot_description/share/my_robot_description/meshes
[1.355s] running install_egg_info
[1.356s] Copying ../build/my_robot_description/my_robot_description.egg-info to /home/nasta/Documents/AutonomousMobileRobots/Homework_1/install/my_robot_description/lib/python3.10/site-packages/my_robot_description-0.0.0-py3.10.egg-info
[1.357s] running install_scripts
[1.376s] writing list of installed files to '/home/nasta/Documents/AutonomousMobileRobots/Homework_1/build/my_robot_description/install.log'
[1.394s] Invoked command in '/home/nasta/Documents/AutonomousMobileRobots/Homework_1/my_robot_description' returned '0': PYTHONPATH=/home/nasta/Documents/AutonomousMobileRobots/Homework_1/build/my_robot_description/prefix_override:/usr/lib/python3/dist-packages/colcon_core/task/python/colcon_distutils_commands:/home/nasta/Documents/AutonomousMobileRobots/Homework_1/install/my_robot_description/lib/python3.10/site-packages:${PYTHONPATH} /usr/bin/python3 -W ignore:setup.py install is deprecated -W ignore:easy_install command is deprecated setup.py egg_info --egg-base ../build/my_robot_description build --build-base /home/nasta/Documents/AutonomousMobileRobots/Homework_1/build/my_robot_description/build install --record /home/nasta/Documents/AutonomousMobileRobots/Homework_1/build/my_robot_description/install.log --single-version-externally-managed install_data
