/home/nasta/Documents/AutonomousMobileRobots/Homework_1/install/my_robot_bringup/lib/python3.10/site-packages/my_robot_bringup/keyboard_control.py
/home/nasta/Documents/AutonomousMobileRobots/Homework_1/install/my_robot_bringup/lib/python3.10/site-packages/my_robot_bringup/waypoint_controller.py
/home/nasta/Documents/AutonomousMobileRobots/Homework_1/install/my_robot_bringup/lib/python3.10/site-packages/my_robot_bringup/odom_listener.py
/home/nasta/Documents/AutonomousMobileRobots/Homework_1/install/my_robot_bringup/lib/python3.10/site-packages/my_robot_bringup/plot_trajectory.py
/home/nasta/Documents/AutonomousMobileRobots/Homework_1/install/my_robot_bringup/lib/python3.10/site-packages/my_robot_bringup/__init__.py
/home/nasta/Documents/AutonomousMobileRobots/Homework_1/install/my_robot_bringup/lib/python3.10/site-packages/my_robot_bringup/__pycache__/keyboard_control.cpython-310.pyc
/home/nasta/Documents/AutonomousMobileRobots/Homework_1/install/my_robot_bringup/lib/python3.10/site-packages/my_robot_bringup/__pycache__/waypoint_controller.cpython-310.pyc
/home/nasta/Documents/AutonomousMobileRobots/Homework_1/install/my_robot_bringup/lib/python3.10/site-packages/my_robot_bringup/__pycache__/odom_listener.cpython-310.pyc
/home/nasta/Documents/AutonomousMobileRobots/Homework_1/install/my_robot_bringup/lib/python3.10/site-packages/my_robot_bringup/__pycache__/plot_trajectory.cpython-310.pyc
/home/nasta/Documents/AutonomousMobileRobots/Homework_1/install/my_robot_bringup/lib/python3.10/site-packages/my_robot_bringup/__pycache__/__init__.cpython-310.pyc
/home/nasta/Documents/AutonomousMobileRobots/Homework_1/install/my_robot_bringup/share/ament_index/resource_index/packages/my_robot_bringup
/home/nasta/Documents/AutonomousMobileRobots/Homework_1/install/my_robot_bringup/share/my_robot_bringup/package.xml
/home/nasta/Documents/AutonomousMobileRobots/Homework_1/install/my_robot_bringup/share/my_robot_bringup/launch/my_robot_gazebo_v2.launch.xml
/home/nasta/Documents/AutonomousMobileRobots/Homework_1/install/my_robot_bringup/share/my_robot_bringup/launch/my_robot_gazebo.launch.xml
/home/nasta/Documents/AutonomousMobileRobots/Homework_1/install/my_robot_bringup/lib/python3.10/site-packages/my_robot_bringup-0.0.0-py3.10.egg-info/PKG-INFO
/home/nasta/Documents/AutonomousMobileRobots/Homework_1/install/my_robot_bringup/lib/python3.10/site-packages/my_robot_bringup-0.0.0-py3.10.egg-info/requires.txt
/home/nasta/Documents/AutonomousMobileRobots/Homework_1/install/my_robot_bringup/lib/python3.10/site-packages/my_robot_bringup-0.0.0-py3.10.egg-info/zip-safe
/home/nasta/Documents/AutonomousMobileRobots/Homework_1/install/my_robot_bringup/lib/python3.10/site-packages/my_robot_bringup-0.0.0-py3.10.egg-info/top_level.txt
/home/nasta/Documents/AutonomousMobileRobots/Homework_1/install/my_robot_bringup/lib/python3.10/site-packages/my_robot_bringup-0.0.0-py3.10.egg-info/SOURCES.txt
/home/nasta/Documents/AutonomousMobileRobots/Homework_1/install/my_robot_bringup/lib/python3.10/site-packages/my_robot_bringup-0.0.0-py3.10.egg-info/dependency_links.txt
/home/nasta/Documents/AutonomousMobileRobots/Homework_1/install/my_robot_bringup/lib/python3.10/site-packages/my_robot_bringup-0.0.0-py3.10.egg-info/entry_points.txt
/home/nasta/Documents/AutonomousMobileRobots/Homework_1/install/my_robot_bringup/lib/my_robot_bringup/keyboard_control
/home/nasta/Documents/AutonomousMobileRobots/Homework_1/install/my_robot_bringup/lib/my_robot_bringup/odom_listener
/home/nasta/Documents/AutonomousMobileRobots/Homework_1/install/my_robot_bringup/lib/my_robot_bringup/plot_trajectory
/home/nasta/Documents/AutonomousMobileRobots/Homework_1/install/my_robot_bringup/lib/my_robot_bringup/waypoint_controller
