[0.645s] Invoking command in '/home/nasta/Documents/AutonomousMobileRobots/Homework_1/my_robot_description': PYTHONPATH=/home/nasta/Documents/AutonomousMobileRobots/Homework_1/build/my_robot_description/prefix_override:/usr/lib/python3/dist-packages/colcon_core/task/python/colcon_distutils_commands:/home/nasta/Documents/AutonomousMobileRobots/Homework_1/install/my_robot_description/lib/python3.10/site-packages:${PYTHONPATH} /usr/bin/python3 -W ignore:setup.py install is deprecated -W ignore:easy_install command is deprecated setup.py egg_info --egg-base ../build/my_robot_description build --build-base /home/nasta/Documents/AutonomousMobileRobots/Homework_1/build/my_robot_description/build install --record /home/nasta/Documents/AutonomousMobileRobots/Homework_1/build/my_robot_description/install.log --single-version-externally-managed install_data
[0.930s] running egg_info
[0.930s] writing ../build/my_robot_description/my_robot_description.egg-info/PKG-INFO
[0.930s] writing dependency_links to ../build/my_robot_description/my_robot_description.egg-info/dependency_links.txt
[0.931s] writing entry points to ../build/my_robot_description/my_robot_description.egg-info/entry_points.txt
[0.931s] writing requirements to ../build/my_robot_description/my_robot_description.egg-info/requires.txt
[0.931s] writing top-level names to ../build/my_robot_description/my_robot_description.egg-info/top_level.txt
[0.932s] reading manifest file '../build/my_robot_description/my_robot_description.egg-info/SOURCES.txt'
[0.933s] writing manifest file '../build/my_robot_description/my_robot_description.egg-info/SOURCES.txt'
[0.934s] running build
[0.934s] running build_py
[0.934s] running install
[0.934s] running install_lib
[0.935s] running install_data
[0.936s] running install_egg_info
[0.941s] removing '/home/nasta/Documents/AutonomousMobileRobots/Homework_1/install/my_robot_description/lib/python3.10/site-packages/my_robot_description-0.0.0-py3.10.egg-info' (and everything under it)
[0.941s] Copying ../build/my_robot_description/my_robot_description.egg-info to /home/nasta/Documents/AutonomousMobileRobots/Homework_1/install/my_robot_description/lib/python3.10/site-packages/my_robot_description-0.0.0-py3.10.egg-info
[0.942s] running install_scripts
[0.963s] writing list of installed files to '/home/nasta/Documents/AutonomousMobileRobots/Homework_1/build/my_robot_description/install.log'
[0.982s] Invoked command in '/home/nasta/Documents/AutonomousMobileRobots/Homework_1/my_robot_description' returned '0': PYTHONPATH=/home/nasta/Documents/AutonomousMobileRobots/Homework_1/build/my_robot_description/prefix_override:/usr/lib/python3/dist-packages/colcon_core/task/python/colcon_distutils_commands:/home/nasta/Documents/AutonomousMobileRobots/Homework_1/install/my_robot_description/lib/python3.10/site-packages:${PYTHONPATH} /usr/bin/python3 -W ignore:setup.py install is deprecated -W ignore:easy_install command is deprecated setup.py egg_info --egg-base ../build/my_robot_description build --build-base /home/nasta/Documents/AutonomousMobileRobots/Homework_1/build/my_robot_description/build install --record /home/nasta/Documents/AutonomousMobileRobots/Homework_1/build/my_robot_description/install.log --single-version-externally-managed install_data
